Arguments: 
  /home/jack/.nvs/node/19.5.0/x64/bin/node /home/jack/.nvs/node/19.5.0/x64/bin/yarn add solid-primitives

PATH: 
  /home/jack/.nvs/node/19.5.0/x64/bin:/usr/local/bin:/usr/bin:/bin:/usr/local/sbin:/home/jack/.dotnet/tools:/usr/lib/jvm/default/bin:/usr/bin/site_perl:/usr/bin/vendor_perl:/usr/bin/core_perl

Yarn version: 
  1.22.19

Node version: 
  19.5.0

Platform: 
  linux x64

Trace: 
  Error: https://registry.npm.taobao.org/solid-primitives: Not found
      at params.callback [as _callback] (/home/jack/.nvs/node/19.5.0/x64/lib/node_modules/yarn/lib/cli.js:66145:18)
      at self.callback (/home/jack/.nvs/node/19.5.0/x64/lib/node_modules/yarn/lib/cli.js:140890:22)
      at Request.emit (node:events:512:28)
      at Request.<anonymous> (/home/jack/.nvs/node/19.5.0/x64/lib/node_modules/yarn/lib/cli.js:141862:10)
      at Request.emit (node:events:512:28)
      at IncomingMessage.<anonymous> (/home/jack/.nvs/node/19.5.0/x64/lib/node_modules/yarn/lib/cli.js:141784:12)
      at Object.onceWrapper (node:events:626:28)
      at IncomingMessage.emit (node:events:524:35)
      at endReadableNT (node:internal/streams/readable:1359:12)
      at process.processTicksAndRejections (node:internal/process/task_queues:82:21)

npm manifest: 
  {
    "name": "vite-template-solid",
    "version": "0.0.0",
    "description": "",
    "scripts": {
      "start": "vite",
      "dev": "vite",
      "build": "vite build",
      "serve": "vite preview"
    },
    "license": "MIT",
    "devDependencies": {
      "@types/postcss-import": "^14.0.0",
      "autoprefixer": "^10.4.13",
      "postcss": "^8.4.21",
      "postcss-import": "^15.1.0",
      "postcss-load-config": "^4.0.1",
      "postcss-loader": "^7.0.2",
      "postcss-preset-env": "^8.0.1",
      "ts-node": "^10.9.1",
      "typescript": "^4.9.5",
      "vite": "^4.1.1",
      "vite-plugin-solid": "^2.5.0"
    },
    "dependencies": {
      "@suid/icons-material": "^0.5.8",
      "@suid/material": "^0.10.1",
      "@suid/vite-plugin": "^0.1.2",
      "apexcharts": "^3.37.0",
      "mockjs": "^1.1.0",
      "solid-apexcharts": "^0.2.4",
      "solid-js": "^1.6.6"
    }
  }

yarn manifest: 
  No manifest

Lockfile: 
  # THIS IS AN AUTOGENERATED FILE. DO NOT EDIT THIS FILE DIRECTLY.
  # yarn lockfile v1
  
  
  "@ampproject/remapping@^2.1.0":
    version "2.2.0"
    resolved "https://registry.npmmirror.com/@ampproject/remapping/-/remapping-2.2.0.tgz"
    integrity sha512-qRmjj8nj9qmLTQXXmaR1cck3UXSRMPrbsLJAasZpF+t3riI71BXed5ebIOYwQntykeZuhjsdweEc9BxH5Jc26w==
    dependencies:
      "@jridgewell/gen-mapping" "^0.1.0"
      "@jridgewell/trace-mapping" "^0.3.9"
  
  "@babel/code-frame@^7.0.0", "@babel/code-frame@^7.18.6":
    version "7.18.6"
    resolved "https://registry.npmmirror.com/@babel/code-frame/-/code-frame-7.18.6.tgz"
    integrity sha512-TDCmlK5eOvH+eH7cdAFlNXeVJqWIQ7gW9tY1GJIpUtFb6CmjVyq2VM3u71bOyR8CRihcCgMUYoDNyLXao3+70Q==
    dependencies:
      "@babel/highlight" "^7.18.6"
  
  "@babel/compat-data@^7.20.5":
    version "7.20.14"
    resolved "https://registry.npmmirror.com/@babel/compat-data/-/compat-data-7.20.14.tgz"
    integrity sha512-0YpKHD6ImkWMEINCyDAD0HLLUH/lPCefG8ld9it8DJB2wnApraKuhgYTvTY1z7UFIfBTGy5LwncZ+5HWWGbhFw==
  
  "@babel/core@^7.20.5":
    version "7.20.12"
    resolved "https://registry.npmmirror.com/@babel/core/-/core-7.20.12.tgz"
    integrity sha512-XsMfHovsUYHFMdrIHkZphTN/2Hzzi78R08NuHfDBehym2VsPDL6Zn/JAD/JQdnRvbSsbQc4mVaU1m6JgtTEElg==
    dependencies:
      "@ampproject/remapping" "^2.1.0"
      "@babel/code-frame" "^7.18.6"
      "@babel/generator" "^7.20.7"
      "@babel/helper-compilation-targets" "^7.20.7"
      "@babel/helper-module-transforms" "^7.20.11"
      "@babel/helpers" "^7.20.7"
      "@babel/parser" "^7.20.7"
      "@babel/template" "^7.20.7"
      "@babel/traverse" "^7.20.12"
      "@babel/types" "^7.20.7"
      convert-source-map "^1.7.0"
      debug "^4.1.0"
      gensync "^1.0.0-beta.2"
      json5 "^2.2.2"
      semver "^6.3.0"
  
  "@babel/generator@^7.18.7", "@babel/generator@^7.20.7":
    version "7.20.14"
    resolved "https://registry.npmmirror.com/@babel/generator/-/generator-7.20.14.tgz"
    integrity sha512-AEmuXHdcD3A52HHXxaTmYlb8q/xMEhoRP67B3T4Oq7lbmSoqroMZzjnGj3+i1io3pdnF8iBYVu4Ilj+c4hBxYg==
    dependencies:
      "@babel/types" "^7.20.7"
      "@jridgewell/gen-mapping" "^0.3.2"
      jsesc "^2.5.1"
  
  "@babel/helper-annotate-as-pure@^7.18.6":
    version "7.18.6"
    resolved "https://registry.npmmirror.com/@babel/helper-annotate-as-pure/-/helper-annotate-as-pure-7.18.6.tgz"
    integrity sha512-duORpUiYrEpzKIop6iNbjnwKLAKnJ47csTyRACyEmWj0QdUrm5aqNJGHSSEQSUAvNW0ojX0dOmK9dZduvkfeXA==
    dependencies:
      "@babel/types" "^7.18.6"
  
  "@babel/helper-compilation-targets@^7.20.7":
    version "7.20.7"
    resolved "https://registry.npmmirror.com/@babel/helper-compilation-targets/-/helper-compilation-targets-7.20.7.tgz"
    integrity sha512-4tGORmfQcrc+bvrjb5y3dG9Mx1IOZjsHqQVUz7XCNHO+iTmqxWnVg3KRygjGmpRLJGdQSKuvFinbIb0CnZwHAQ==
    dependencies:
      "@babel/compat-data" "^7.20.5"
      "@babel/helper-validator-option" "^7.18.6"
      browserslist "^4.21.3"
      lru-cache "^5.1.1"
      semver "^6.3.0"
  
  "@babel/helper-create-class-features-plugin@^7.20.12":
    version "7.20.12"
    resolved "https://registry.npmmirror.com/@babel/helper-create-class-features-plugin/-/helper-create-class-features-plugin-7.20.12.tgz"
    integrity sha512-9OunRkbT0JQcednL0UFvbfXpAsUXiGjUk0a7sN8fUXX7Mue79cUSMjHGDRRi/Vz9vYlpIhLV5fMD5dKoMhhsNQ==
    dependencies:
      "@babel/helper-annotate-as-pure" "^7.18.6"
      "@babel/helper-environment-visitor" "^7.18.9"
      "@babel/helper-function-name" "^7.19.0"
      "@babel/helper-member-expression-to-functions" "^7.20.7"
      "@babel/helper-optimise-call-expression" "^7.18.6"
      "@babel/helper-replace-supers" "^7.20.7"
      "@babel/helper-skip-transparent-expression-wrappers" "^7.20.0"
      "@babel/helper-split-export-declaration" "^7.18.6"
  
  "@babel/helper-environment-visitor@^7.18.9":
    version "7.18.9"
    resolved "https://registry.npmmirror.com/@babel/helper-environment-visitor/-/helper-environment-visitor-7.18.9.tgz"
    integrity sha512-3r/aACDJ3fhQ/EVgFy0hpj8oHyHpQc+LPtJoY9SzTThAsStm4Ptegq92vqKoE3vD706ZVFWITnMnxucw+S9Ipg==
  
  "@babel/helper-function-name@^7.19.0":
    version "7.19.0"
    resolved "https://registry.npmmirror.com/@babel/helper-function-name/-/helper-function-name-7.19.0.tgz"
    integrity sha512-WAwHBINyrpqywkUH0nTnNgI5ina5TFn85HKS0pbPDfxFfhyR/aNQEn4hGi1P1JyT//I0t4OgXUlofzWILRvS5w==
    dependencies:
      "@babel/template" "^7.18.10"
      "@babel/types" "^7.19.0"
  
  "@babel/helper-hoist-variables@^7.18.6":
    version "7.18.6"
    resolved "https://registry.npmmirror.com/@babel/helper-hoist-variables/-/helper-hoist-variables-7.18.6.tgz"
    integrity sha512-UlJQPkFqFULIcyW5sbzgbkxn2FKRgwWiRexcuaR8RNJRy8+LLveqPjwZV/bwrLZCN0eUHD/x8D0heK1ozuoo6Q==
    dependencies:
      "@babel/types" "^7.18.6"
  
  "@babel/helper-member-expression-to-functions@^7.20.7":
    version "7.20.7"
    resolved "https://registry.npmmirror.com/@babel/helper-member-expression-to-functions/-/helper-member-expression-to-functions-7.20.7.tgz"
    integrity sha512-9J0CxJLq315fEdi4s7xK5TQaNYjZw+nDVpVqr1axNGKzdrdwYBD5b4uKv3n75aABG0rCCTK8Im8Ww7eYfMrZgw==
    dependencies:
      "@babel/types" "^7.20.7"
  
  "@babel/helper-module-imports@7.18.6", "@babel/helper-module-imports@^7.16.7", "@babel/helper-module-imports@^7.18.6":
    version "7.18.6"
    resolved "https://registry.npmmirror.com/@babel/helper-module-imports/-/helper-module-imports-7.18.6.tgz"
    integrity sha512-0NFvs3VkuSYbFi1x2Vd6tKrywq+z/cLeYC/RJNFrIX/30Bf5aiGYbtvGXolEktzJH8o5E5KJ3tT+nkxuuZFVlA==
    dependencies:
      "@babel/types" "^7.18.6"
  
  "@babel/helper-module-transforms@^7.20.11":
    version "7.20.11"
    resolved "https://registry.npmmirror.com/@babel/helper-module-transforms/-/helper-module-transforms-7.20.11.tgz"
    integrity sha512-uRy78kN4psmji1s2QtbtcCSaj/LILFDp0f/ymhpQH5QY3nljUZCaNWz9X1dEj/8MBdBEFECs7yRhKn8i7NjZgg==
    dependencies:
      "@babel/helper-environment-visitor" "^7.18.9"
      "@babel/helper-module-imports" "^7.18.6"
      "@babel/helper-simple-access" "^7.20.2"
      "@babel/helper-split-export-declaration" "^7.18.6"
      "@babel/helper-validator-identifier" "^7.19.1"
      "@babel/template" "^7.20.7"
      "@babel/traverse" "^7.20.10"
      "@babel/types" "^7.20.7"
  
  "@babel/helper-optimise-call-expression@^7.18.6":
    version "7.18.6"
    resolved "https://registry.npmmirror.com/@babel/helper-optimise-call-expression/-/helper-optimise-call-expression-7.18.6.tgz"
    integrity sha512-HP59oD9/fEHQkdcbgFCnbmgH5vIQTJbxh2yf+CdM89/glUNnuzr87Q8GIjGEnOktTROemO0Pe0iPAYbqZuOUiA==
    dependencies:
      "@babel/types" "^7.18.6"
  
  "@babel/helper-plugin-utils@^7.18.6", "@babel/helper-plugin-utils@^7.19.0", "@babel/helper-plugin-utils@^7.20.2":
    version "7.20.2"
    resolved "https://registry.npmmirror.com/@babel/helper-plugin-utils/-/helper-plugin-utils-7.20.2.tgz"
    integrity sha512-8RvlJG2mj4huQ4pZ+rU9lqKi9ZKiRmuvGuM2HlWmkmgOhbs6zEAw6IEiJ5cQqGbDzGZOhwuOQNtZMi/ENLjZoQ==
  
  "@babel/helper-replace-supers@^7.20.7":
    version "7.20.7"
    resolved "https://registry.npmmirror.com/@babel/helper-replace-supers/-/helper-replace-supers-7.20.7.tgz"
    integrity sha512-vujDMtB6LVfNW13jhlCrp48QNslK6JXi7lQG736HVbHz/mbf4Dc7tIRh1Xf5C0rF7BP8iiSxGMCmY6Ci1ven3A==
    dependencies:
      "@babel/helper-environment-visitor" "^7.18.9"
      "@babel/helper-member-expression-to-functions" "^7.20.7"
      "@babel/helper-optimise-call-expression" "^7.18.6"
      "@babel/template" "^7.20.7"
      "@babel/traverse" "^7.20.7"
      "@babel/types" "^7.20.7"
  
  "@babel/helper-simple-access@^7.20.2":
    version "7.20.2"
    resolved "https://registry.npmmirror.com/@babel/helper-simple-access/-/helper-simple-access-7.20.2.tgz"
    integrity sha512-+0woI/WPq59IrqDYbVGfshjT5Dmk/nnbdpcF8SnMhhXObpTq2KNBdLFRFrkVdbDOyUmHBCxzm5FHV1rACIkIbA==
    dependencies:
      "@babel/types" "^7.20.2"
  
  "@babel/helper-skip-transparent-expression-wrappers@^7.20.0":
    version "7.20.0"
    resolved "https://registry.npmmirror.com/@babel/helper-skip-transparent-expression-wrappers/-/helper-skip-transparent-expression-wrappers-7.20.0.tgz"
    integrity sha512-5y1JYeNKfvnT8sZcK9DVRtpTbGiomYIHviSP3OQWmDPU3DeH4a1ZlT/N2lyQ5P8egjcRaT/Y9aNqUxK0WsnIIg==
    dependencies:
      "@babel/types" "^7.20.0"
  
  "@babel/helper-split-export-declaration@^7.18.6":
    version "7.18.6"
    resolved "https://registry.npmmirror.com/@babel/helper-split-export-declaration/-/helper-split-export-declaration-7.18.6.tgz"
    integrity sha512-bde1etTx6ZyTmobl9LLMMQsaizFVZrquTEHOqKeQESMKo4PlObf+8+JA25ZsIpZhT/WEd39+vOdLXAFG/nELpA==
    dependencies:
      "@babel/types" "^7.18.6"
  
  "@babel/helper-string-parser@^7.19.4":
    version "7.19.4"
    resolved "https://registry.npmmirror.com/@babel/helper-string-parser/-/helper-string-parser-7.19.4.tgz"
    integrity sha512-nHtDoQcuqFmwYNYPz3Rah5ph2p8PFeFCsZk9A/48dPc/rGocJ5J3hAAZ7pb76VWX3fZKu+uEr/FhH5jLx7umrw==
  
  "@babel/helper-validator-identifier@^7.18.6", "@babel/helper-validator-identifier@^7.19.1":
    version "7.19.1"
    resolved "https://registry.npmmirror.com/@babel/helper-validator-identifier/-/helper-validator-identifier-7.19.1.tgz"
    integrity sha512-awrNfaMtnHUr653GgGEs++LlAvW6w+DcPrOliSMXWCKo597CwL5Acf/wWdNkf/tfEQE3mjkeD1YOVZOUV/od1w==
  
  "@babel/helper-validator-option@^7.18.6":
    version "7.18.6"
    resolved "https://registry.npmmirror.com/@babel/helper-validator-option/-/helper-validator-option-7.18.6.tgz"
    integrity sha512-XO7gESt5ouv/LRJdrVjkShckw6STTaB7l9BrpBaAHDeF5YZT+01PCwmR0SJHnkW6i8OwW/EVWRShfi4j2x+KQw==
  
  "@babel/helpers@^7.20.7":
    version "7.20.13"
    resolved "https://registry.npmmirror.com/@babel/helpers/-/helpers-7.20.13.tgz"
    integrity sha512-nzJ0DWCL3gB5RCXbUO3KIMMsBY2Eqbx8mBpKGE/02PgyRQFcPQLbkQ1vyy596mZLaP+dAfD+R4ckASzNVmW3jg==
    dependencies:
      "@babel/template" "^7.20.7"
      "@babel/traverse" "^7.20.13"
      "@babel/types" "^7.20.7"
  
  "@babel/highlight@^7.18.6":
    version "7.18.6"
    resolved "https://registry.npmmirror.com/@babel/highlight/-/highlight-7.18.6.tgz"
    integrity sha512-u7stbOuYjaPezCuLj29hNW1v64M2Md2qupEKP1fHc7WdOA3DgLh37suiSrZYY7haUB7iBeQZ9P1uiRF359do3g==
    dependencies:
      "@babel/helper-validator-identifier" "^7.18.6"
      chalk "^2.0.0"
      js-tokens "^4.0.0"
  
  "@babel/parser@^7.20.13", "@babel/parser@^7.20.7":
    version "7.20.13"
    resolved "https://registry.npmmirror.com/@babel/parser/-/parser-7.20.13.tgz"
    integrity sha512-gFDLKMfpiXCsjt4za2JA9oTMn70CeseCehb11kRZgvd7+F67Hih3OHOK24cRrWECJ/ljfPGac6ygXAs/C8kIvw==
  
  "@babel/plugin-syntax-jsx@^7.18.6":
    version "7.18.6"
    resolved "https://registry.npmmirror.com/@babel/plugin-syntax-jsx/-/plugin-syntax-jsx-7.18.6.tgz"
    integrity sha512-6mmljtAedFGTWu2p/8WIORGwy+61PLgOMPOdazc7YoJ9ZCWUyFy3A6CpPkRKLKD1ToAesxX8KGEViAiLo9N+7Q==
    dependencies:
      "@babel/helper-plugin-utils" "^7.18.6"
  
  "@babel/plugin-syntax-typescript@^7.20.0":
    version "7.20.0"
    resolved "https://registry.npmmirror.com/@babel/plugin-syntax-typescript/-/plugin-syntax-typescript-7.20.0.tgz"
    integrity sha512-rd9TkG+u1CExzS4SM1BlMEhMXwFLKVjOAFFCDx9PbX5ycJWDoWMcwdJH9RhkPu1dOgn5TrxLot/Gx6lWFuAUNQ==
    dependencies:
      "@babel/helper-plugin-utils" "^7.19.0"
  
  "@babel/plugin-transform-typescript@^7.18.6":
    version "7.20.13"
    resolved "https://registry.npmmirror.com/@babel/plugin-transform-typescript/-/plugin-transform-typescript-7.20.13.tgz"
    integrity sha512-O7I/THxarGcDZxkgWKMUrk7NK1/WbHAg3Xx86gqS6x9MTrNL6AwIluuZ96ms4xeDe6AVx6rjHbWHP7x26EPQBA==
    dependencies:
      "@babel/helper-create-class-features-plugin" "^7.20.12"
      "@babel/helper-plugin-utils" "^7.20.2"
      "@babel/plugin-syntax-typescript" "^7.20.0"
  
  "@babel/preset-typescript@^7.18.6":
    version "7.18.6"
    resolved "https://registry.npmmirror.com/@babel/preset-typescript/-/preset-typescript-7.18.6.tgz"
    integrity sha512-s9ik86kXBAnD760aybBucdpnLsAt0jK1xqJn2juOn9lkOvSHV60os5hxoVJsPzMQxvnUJFAlkont2DvvaYEBtQ==
    dependencies:
      "@babel/helper-plugin-utils" "^7.18.6"
      "@babel/helper-validator-option" "^7.18.6"
      "@babel/plugin-transform-typescript" "^7.18.6"
  
  "@babel/template@^7.18.10", "@babel/template@^7.20.7":
    version "7.20.7"
    resolved "https://registry.npmmirror.com/@babel/template/-/template-7.20.7.tgz"
    integrity sha512-8SegXApWe6VoNw0r9JHpSteLKTpTiLZ4rMlGIm9JQ18KiCtyQiAMEazujAHrUS5flrcqYZa75ukev3P6QmUwUw==
    dependencies:
      "@babel/code-frame" "^7.18.6"
      "@babel/parser" "^7.20.7"
      "@babel/types" "^7.20.7"
  
  "@babel/traverse@^7.20.10", "@babel/traverse@^7.20.12", "@babel/traverse@^7.20.13", "@babel/traverse@^7.20.7":
    version "7.20.13"
    resolved "https://registry.npmmirror.com/@babel/traverse/-/traverse-7.20.13.tgz"
    integrity sha512-kMJXfF0T6DIS9E8cgdLCSAL+cuCK+YEZHWiLK0SXpTo8YRj5lpJu3CDNKiIBCne4m9hhTIqUg6SYTAI39tAiVQ==
    dependencies:
      "@babel/code-frame" "^7.18.6"
      "@babel/generator" "^7.20.7"
      "@babel/helper-environment-visitor" "^7.18.9"
      "@babel/helper-function-name" "^7.19.0"
      "@babel/helper-hoist-variables" "^7.18.6"
      "@babel/helper-split-export-declaration" "^7.18.6"
      "@babel/parser" "^7.20.13"
      "@babel/types" "^7.20.7"
      debug "^4.1.0"
      globals "^11.1.0"
  
  "@babel/types@^7.0.0", "@babel/types@^7.18.4", "@babel/types@^7.18.6", "@babel/types@^7.19.0", "@babel/types@^7.20.0", "@babel/types@^7.20.2", "@babel/types@^7.20.7", "@babel/types@^7.3.0":
    version "7.20.7"
    resolved "https://registry.npmmirror.com/@babel/types/-/types-7.20.7.tgz"
    integrity sha512-69OnhBxSSgK0OzTJai4kyPDiKTIe3j+ctaHdIGVbRahTLAT7L3R9oeXHC2aVSuGYt3cVnoAMDmOCgJ2yaiLMvg==
    dependencies:
      "@babel/helper-string-parser" "^7.19.4"
      "@babel/helper-validator-identifier" "^7.19.1"
      to-fast-properties "^2.0.0"
  
  "@cspotcode/source-map-support@^0.8.0":
    version "0.8.1"
    resolved "https://registry.npmmirror.com/@cspotcode/source-map-support/-/source-map-support-0.8.1.tgz#00629c35a688e05a88b1cda684fb9d5e73f000a1"
    integrity sha512-IchNf6dN4tHoMFIn/7OE8LWZ19Y6q/67Bmf6vnGREv8RSbBVb9LPJxEcnwrcwX6ixSvaiGoomAUvu4YSxXrVgw==
    dependencies:
      "@jridgewell/trace-mapping" "0.3.9"
  
  "@csstools/cascade-layer-name-parser@^1.0.0":
    version "1.0.1"
    resolved "https://registry.npmmirror.com/@csstools/cascade-layer-name-parser/-/cascade-layer-name-parser-1.0.1.tgz"
    integrity sha512-SAAi5DpgJJWkfTvWSaqkgyIsTawa83hMwKrktkj6ra2h+q6ZN57vOGZ6ySHq6RSo+CbP64fA3aPChPBRDDUgtw==
  
  "@csstools/color-helpers@^1.0.0":
    version "1.0.0"
    resolved "https://registry.npmmirror.com/@csstools/color-helpers/-/color-helpers-1.0.0.tgz"
    integrity sha512-tgqtiV8sU/VaWYjOB3O7PWs7HR/MmOLl2kTYRW2qSsTSEniJq7xmyAYFB1LPpXvvQcE5u2ih2dK9fyc8BnrAGQ==
  
  "@csstools/css-parser-algorithms@^2.0.0":
    version "2.0.1"
    resolved "https://registry.npmmirror.com/@csstools/css-parser-algorithms/-/css-parser-algorithms-2.0.1.tgz"
    integrity sha512-B9/8PmOtU6nBiibJg0glnNktQDZ3rZnGn/7UmDfrm2vMtrdlXO3p7ErE95N0up80IRk9YEtB5jyj/TmQ1WH3dw==
  
  "@csstools/css-tokenizer@^2.0.0":
    version "2.0.1"
    resolved "https://registry.npmmirror.com/@csstools/css-tokenizer/-/css-tokenizer-2.0.1.tgz"
    integrity sha512-sYD3H7ReR88S/4+V5VbKiBEUJF4FqvG+8aNJkxqoPAnbhFziDG22IDZc4+h+xA63SfgM+h15lq5OnLeCxQ9nPA==
  
  "@csstools/media-query-list-parser@^2.0.0":
    version "2.0.1"
    resolved "https://registry.npmmirror.com/@csstools/media-query-list-parser/-/media-query-list-parser-2.0.1.tgz"
    integrity sha512-X2/OuzEbjaxhzm97UJ+95GrMeT29d1Ib+Pu+paGLuRWZnWRK9sI9r3ikmKXPWGA1C4y4JEdBEFpp9jEqCvLeRA==
  
  "@csstools/postcss-cascade-layers@^3.0.0":
    version "3.0.1"
    resolved "https://registry.npmmirror.com/@csstools/postcss-cascade-layers/-/postcss-cascade-layers-3.0.1.tgz"
    integrity sha512-dD8W98dOYNOH/yX4V4HXOhfCOnvVAg8TtsL+qCGNoKXuq5z2C/d026wGWgySgC8cajXXo/wNezS31Glj5GcqrA==
    dependencies:
      "@csstools/selector-specificity" "^2.0.2"
      postcss-selector-parser "^6.0.10"
  
  "@csstools/postcss-color-function@^2.0.0":
    version "2.0.1"
    resolved "https://registry.npmmirror.com/@csstools/postcss-color-function/-/postcss-color-function-2.0.1.tgz"
    integrity sha512-d7379loVBgIiKTQMOUduUctq3CWMeqNpGkLhzuejvuGyA+bWYT1p7n2GzmIwgXwP0CF8DIFtDgvrsvHn3i+tWw==
    dependencies:
      "@csstools/postcss-progressive-custom-properties" "^2.0.0"
      postcss-value-parser "^4.2.0"
  
  "@csstools/postcss-font-format-keywords@^2.0.0":
    version "2.0.1"
    resolved "https://registry.npmmirror.com/@csstools/postcss-font-format-keywords/-/postcss-font-format-keywords-2.0.1.tgz"
    integrity sha512-NRwT5g/L+lDkridDiHfjNGyHvdSHJOdcXPPZXZOpSfr/AwRxTJ+wsbKAzyBb1stalkr9KjICDr+ofpkk96r0Wg==
    dependencies:
      postcss-value-parser "^4.2.0"
  
  "@csstools/postcss-hwb-function@^2.0.0":
    version "2.1.0"
    resolved "https://registry.npmmirror.com/@csstools/postcss-hwb-function/-/postcss-hwb-function-2.1.0.tgz"
    integrity sha512-B4uBMznejB5VM7rMB2C3KQdM3JwPAy3CxbI9DIMziCZzlaB1a59uV7NimuINndumgtzpVt++CdpY0XffURZ+eA==
    dependencies:
      "@csstools/color-helpers" "^1.0.0"
      postcss-value-parser "^4.2.0"
  
  "@csstools/postcss-ic-unit@^2.0.0":
    version "2.0.1"
    resolved "https://registry.npmmirror.com/@csstools/postcss-ic-unit/-/postcss-ic-unit-2.0.1.tgz"
    integrity sha512-718aUIKZJDkbQrINOv6B0I70EZpTB9LzPykGVE/U3gnlXc4tjgvr6/r/G3Hopyn1D5R4BJYcMPI06tVzAgLSMQ==
    dependencies:
      "@csstools/postcss-progressive-custom-properties" "^2.0.0"
      postcss-value-parser "^4.2.0"
  
  "@csstools/postcss-is-pseudo-class@^3.0.0":
    version "3.1.0"
    resolved "https://registry.npmmirror.com/@csstools/postcss-is-pseudo-class/-/postcss-is-pseudo-class-3.1.0.tgz"
    integrity sha512-MSt4kjWvIuv7GWGEV2WNkcOTLXdYpBRbW/2YF9MAmrKKYui65P/LpsLfSwCWq4vdwWH1HSxFi4Qp6bGCEAZ8ag==
    dependencies:
      "@csstools/selector-specificity" "^2.0.0"
      postcss-selector-parser "^6.0.10"
  
  "@csstools/postcss-logical-float-and-clear@^1.0.0":
    version "1.0.1"
    resolved "https://registry.npmmirror.com/@csstools/postcss-logical-float-and-clear/-/postcss-logical-float-and-clear-1.0.1.tgz"
    integrity sha512-eO9z2sMLddvlfFEW5Fxbjyd03zaO7cJafDurK4rCqyRt9P7aaWwha0LcSzoROlcZrw1NBV2JAp2vMKfPMQO1xw==
  
  "@csstools/postcss-logical-resize@^1.0.0":
    version "1.0.1"
    resolved "https://registry.npmmirror.com/@csstools/postcss-logical-resize/-/postcss-logical-resize-1.0.1.tgz"
    integrity sha512-x1ge74eCSvpBkDDWppl+7FuD2dL68WP+wwP2qvdUcKY17vJksz+XoE1ZRV38uJgS6FNUwC0AxrPW5gy3MxsDHQ==
    dependencies:
      postcss-value-parser "^4.2.0"
  
  "@csstools/postcss-logical-viewport-units@^1.0.0":
    version "1.0.2"
    resolved "https://registry.npmmirror.com/@csstools/postcss-logical-viewport-units/-/postcss-logical-viewport-units-1.0.2.tgz"
    integrity sha512-nnKFywBqRMYjv5jyjSplD/nbAnboUEGFfdxKw1o34Y1nvycgqjQavhKkmxbORxroBBIDwC5y6SfgENcPPUcOxQ==
    dependencies:
      "@csstools/css-tokenizer" "^2.0.0"
  
  "@csstools/postcss-media-queries-aspect-ratio-number-values@^1.0.0":
    version "1.0.1"
    resolved "https://registry.npmmirror.com/@csstools/postcss-media-queries-aspect-ratio-number-values/-/postcss-media-queries-aspect-ratio-number-values-1.0.1.tgz"
    integrity sha512-V9yQqXdje6OfqDf6EL5iGOpi6N0OEczwYK83rql9UapQwFEryXlAehR5AqH8QqLYb6+y31wUXK6vMxCp0920Zg==
    dependencies:
      "@csstools/css-parser-algorithms" "^2.0.0"
      "@csstools/css-tokenizer" "^2.0.0"
      "@csstools/media-query-list-parser" "^2.0.0"
  
  "@csstools/postcss-nested-calc@^2.0.0":
    version "2.0.1"
    resolved "https://registry.npmmirror.com/@csstools/postcss-nested-calc/-/postcss-nested-calc-2.0.1.tgz"
    integrity sha512-6C5yoF99zFb/C2Sa9Y5V0Y/2dnrjK5xe+h59L0LfdVhfanmJPrttwmfTua9etFRA1TGV46aoVMLEZ1NoHjWikg==
    dependencies:
      postcss-value-parser "^4.2.0"
  
  "@csstools/postcss-normalize-display-values@^2.0.0":
    version "2.0.1"
    resolved "https://registry.npmmirror.com/@csstools/postcss-normalize-display-values/-/postcss-normalize-display-values-2.0.1.tgz"
    integrity sha512-TQT5g3JQ5gPXC239YuRK8jFceXF9d25ZvBkyjzBGGoW5st5sPXFVQS8OjYb9IJ/K3CdfK4528y483cgS2DJR/w==
    dependencies:
      postcss-value-parser "^4.2.0"
  
  "@csstools/postcss-oklab-function@^2.0.0":
    version "2.0.1"
    resolved "https://registry.npmmirror.com/@csstools/postcss-oklab-function/-/postcss-oklab-function-2.0.1.tgz"
    integrity sha512-MTj3w6G1TYW0k43sXjw25fY/S+LHXpFIym5NW0oO/hjHFzuz5Uwz93aUvdo/UrrFmxSQeQAYCxmq6NlH3Pf1Hw==
    dependencies:
      "@csstools/postcss-progressive-custom-properties" "^2.0.0"
      postcss-value-parser "^4.2.0"
  
  "@csstools/postcss-progressive-custom-properties@^2.0.0":
    version "2.1.0"
    resolved "https://registry.npmmirror.com/@csstools/postcss-progressive-custom-properties/-/postcss-progressive-custom-properties-2.1.0.tgz"
    integrity sha512-tRX1rinsXajZlc4WiU7s9Y6O9EdSHScT997zDsvDUjQ1oZL2nvnL6Bt0s9KyQZZTdC3lrG2PIdBqdOIWXSEPlQ==
    dependencies:
      postcss-value-parser "^4.2.0"
  
  "@csstools/postcss-scope-pseudo-class@^2.0.0":
    version "2.0.1"
    resolved "https://registry.npmmirror.com/@csstools/postcss-scope-pseudo-class/-/postcss-scope-pseudo-class-2.0.1.tgz"
    integrity sha512-wf2dcsqSQlBHc4HMMqdXdxDx4uYuqH+L08kKj+pmT+743C06STcUEu7ORFFEnqGWlOJ1kmA5BJ3pQU0EdMuA+w==
    dependencies:
      postcss-selector-parser "^6.0.10"
  
  "@csstools/postcss-stepped-value-functions@^2.0.0":
    version "2.0.1"
    resolved "https://registry.npmmirror.com/@csstools/postcss-stepped-value-functions/-/postcss-stepped-value-functions-2.0.1.tgz"
    integrity sha512-VimD+M69GsZF/XssivjUwo6jXLgi86ar/gRSH7bautnCULSLxCr/HuY32N4rLRUr7qWF8oF/JTv06ceb66Q1jA==
    dependencies:
      postcss-value-parser "^4.2.0"
  
  "@csstools/postcss-text-decoration-shorthand@^2.0.0":
    version "2.2.0"
    resolved "https://registry.npmmirror.com/@csstools/postcss-text-decoration-shorthand/-/postcss-text-decoration-shorthand-2.2.0.tgz"
    integrity sha512-++RtufygqFaeheLH1g8Y2Oi/l+xSt61+c0lQGjrpLUW4hhFo77V4Zsshm0oof7lqnpVXPaizlU0SnXf+f4GA7A==
    dependencies:
      "@csstools/color-helpers" "^1.0.0"
      postcss-value-parser "^4.2.0"
  
  "@csstools/postcss-trigonometric-functions@^2.0.0":
    version "2.0.1"
    resolved "https://registry.npmmirror.com/@csstools/postcss-trigonometric-functions/-/postcss-trigonometric-functions-2.0.1.tgz"
    integrity sha512-uGmmVWGHozyWe6+I4w321fKUC034OB1OYW0ZP4ySHA23n+r9y93K+1yrmW+hThpSfApKhaWySoD4I71LLlFUYQ==
    dependencies:
      postcss-value-parser "^4.2.0"
  
  "@csstools/postcss-unset-value@^2.0.0":
    version "2.0.1"
    resolved "https://registry.npmmirror.com/@csstools/postcss-unset-value/-/postcss-unset-value-2.0.1.tgz"
    integrity sha512-oJ9Xl29/yU8U7/pnMJRqAZd4YXNCfGEdcP4ywREuqm/xMqcgDNDppYRoCGDt40aaZQIEKBS79LytUDN/DHf0Ew==
  
  "@csstools/selector-specificity@^2.0.0", "@csstools/selector-specificity@^2.0.1", "@csstools/selector-specificity@^2.0.2":
    version "2.1.1"
    resolved "https://registry.npmmirror.com/@csstools/selector-specificity/-/selector-specificity-2.1.1.tgz"
    integrity sha512-jwx+WCqszn53YHOfvFMJJRd/B2GqkCBt+1MJSG6o5/s8+ytHMvDZXsJgUEWLk12UnLd7HYKac4BYU5i/Ron1Cw==
  
  "@esbuild/android-arm64@0.16.17":
    version "0.16.17"
    resolved "https://registry.npmmirror.com/@esbuild/android-arm64/-/android-arm64-0.16.17.tgz#cf91e86df127aa3d141744edafcba0abdc577d23"
    integrity sha512-MIGl6p5sc3RDTLLkYL1MyL8BMRN4tLMRCn+yRJJmEDvYZ2M7tmAf80hx1kbNEUX2KJ50RRtxZ4JHLvCfuB6kBg==
  
  "@esbuild/android-arm@0.16.17":
    version "0.16.17"
    resolved "https://registry.npmmirror.com/@esbuild/android-arm/-/android-arm-0.16.17.tgz#025b6246d3f68b7bbaa97069144fb5fb70f2fff2"
    integrity sha512-N9x1CMXVhtWEAMS7pNNONyA14f71VPQN9Cnavj1XQh6T7bskqiLLrSca4O0Vr8Wdcga943eThxnVp3JLnBMYtw==
  
  "@esbuild/android-x64@0.16.17":
    version "0.16.17"
    resolved "https://registry.npmmirror.com/@esbuild/android-x64/-/android-x64-0.16.17.tgz#c820e0fef982f99a85c4b8bfdd582835f04cd96e"
    integrity sha512-a3kTv3m0Ghh4z1DaFEuEDfz3OLONKuFvI4Xqczqx4BqLyuFaFkuaG4j2MtA6fuWEFeC5x9IvqnX7drmRq/fyAQ==
  
  "@esbuild/darwin-arm64@0.16.17":
    version "0.16.17"
    resolved "https://registry.npmmirror.com/@esbuild/darwin-arm64/-/darwin-arm64-0.16.17.tgz#edef4487af6b21afabba7be5132c26d22379b220"
    integrity sha512-/2agbUEfmxWHi9ARTX6OQ/KgXnOWfsNlTeLcoV7HSuSTv63E4DqtAc+2XqGw1KHxKMHGZgbVCZge7HXWX9Vn+w==
  
  "@esbuild/darwin-x64@0.16.17":
    version "0.16.17"
    resolved "https://registry.npmmirror.com/@esbuild/darwin-x64/-/darwin-x64-0.16.17.tgz#42829168730071c41ef0d028d8319eea0e2904b4"
    integrity sha512-2By45OBHulkd9Svy5IOCZt376Aa2oOkiE9QWUK9fe6Tb+WDr8hXL3dpqi+DeLiMed8tVXspzsTAvd0jUl96wmg==
  
  "@esbuild/freebsd-arm64@0.16.17":
    version "0.16.17"
    resolved "https://registry.npmmirror.com/@esbuild/freebsd-arm64/-/freebsd-arm64-0.16.17.tgz#1f4af488bfc7e9ced04207034d398e793b570a27"
    integrity sha512-mt+cxZe1tVx489VTb4mBAOo2aKSnJ33L9fr25JXpqQqzbUIw/yzIzi+NHwAXK2qYV1lEFp4OoVeThGjUbmWmdw==
  
  "@esbuild/freebsd-x64@0.16.17":
    version "0.16.17"
    resolved "https://registry.npmmirror.com/@esbuild/freebsd-x64/-/freebsd-x64-0.16.17.tgz#636306f19e9bc981e06aa1d777302dad8fddaf72"
    integrity sha512-8ScTdNJl5idAKjH8zGAsN7RuWcyHG3BAvMNpKOBaqqR7EbUhhVHOqXRdL7oZvz8WNHL2pr5+eIT5c65kA6NHug==
  
  "@esbuild/linux-arm64@0.16.17":
    version "0.16.17"
    resolved "https://registry.npmmirror.com/@esbuild/linux-arm64/-/linux-arm64-0.16.17.tgz#a003f7ff237c501e095d4f3a09e58fc7b25a4aca"
    integrity sha512-7S8gJnSlqKGVJunnMCrXHU9Q8Q/tQIxk/xL8BqAP64wchPCTzuM6W3Ra8cIa1HIflAvDnNOt2jaL17vaW+1V0g==
  
  "@esbuild/linux-arm@0.16.17":
    version "0.16.17"
    resolved "https://registry.npmmirror.com/@esbuild/linux-arm/-/linux-arm-0.16.17.tgz#b591e6a59d9c4fe0eeadd4874b157ab78cf5f196"
    integrity sha512-iihzrWbD4gIT7j3caMzKb/RsFFHCwqqbrbH9SqUSRrdXkXaygSZCZg1FybsZz57Ju7N/SHEgPyaR0LZ8Zbe9gQ==
  
  "@esbuild/linux-ia32@0.16.17":
    version "0.16.17"
    resolved "https://registry.npmmirror.com/@esbuild/linux-ia32/-/linux-ia32-0.16.17.tgz#24333a11027ef46a18f57019450a5188918e2a54"
    integrity sha512-kiX69+wcPAdgl3Lonh1VI7MBr16nktEvOfViszBSxygRQqSpzv7BffMKRPMFwzeJGPxcio0pdD3kYQGpqQ2SSg==
  
  "@esbuild/linux-loong64@0.16.17":
    version "0.16.17"
    resolved "https://registry.npmmirror.com/@esbuild/linux-loong64/-/linux-loong64-0.16.17.tgz#d5ad459d41ed42bbd4d005256b31882ec52227d8"
    integrity sha512-dTzNnQwembNDhd654cA4QhbS9uDdXC3TKqMJjgOWsC0yNCbpzfWoXdZvp0mY7HU6nzk5E0zpRGGx3qoQg8T2DQ==
  
  "@esbuild/linux-mips64el@0.16.17":
    version "0.16.17"
    resolved "https://registry.npmmirror.com/@esbuild/linux-mips64el/-/linux-mips64el-0.16.17.tgz#4e5967a665c38360b0a8205594377d4dcf9c3726"
    integrity sha512-ezbDkp2nDl0PfIUn0CsQ30kxfcLTlcx4Foz2kYv8qdC6ia2oX5Q3E/8m6lq84Dj/6b0FrkgD582fJMIfHhJfSw==
  
  "@esbuild/linux-ppc64@0.16.17":
    version "0.16.17"
    resolved "https://registry.npmmirror.com/@esbuild/linux-ppc64/-/linux-ppc64-0.16.17.tgz#206443a02eb568f9fdf0b438fbd47d26e735afc8"
    integrity sha512-dzS678gYD1lJsW73zrFhDApLVdM3cUF2MvAa1D8K8KtcSKdLBPP4zZSLy6LFZ0jYqQdQ29bjAHJDgz0rVbLB3g==
  
  "@esbuild/linux-riscv64@0.16.17":
    version "0.16.17"
    resolved "https://registry.npmmirror.com/@esbuild/linux-riscv64/-/linux-riscv64-0.16.17.tgz#c351e433d009bf256e798ad048152c8d76da2fc9"
    integrity sha512-ylNlVsxuFjZK8DQtNUwiMskh6nT0vI7kYl/4fZgV1llP5d6+HIeL/vmmm3jpuoo8+NuXjQVZxmKuhDApK0/cKw==
  
  "@esbuild/linux-s390x@0.16.17":
    version "0.16.17"
    resolved "https://registry.npmmirror.com/@esbuild/linux-s390x/-/linux-s390x-0.16.17.tgz#661f271e5d59615b84b6801d1c2123ad13d9bd87"
    integrity sha512-gzy7nUTO4UA4oZ2wAMXPNBGTzZFP7mss3aKR2hH+/4UUkCOyqmjXiKpzGrY2TlEUhbbejzXVKKGazYcQTZWA/w==
  
  "@esbuild/linux-x64@0.16.17":
    version "0.16.17"
    resolved "https://registry.npmmirror.com/@esbuild/linux-x64/-/linux-x64-0.16.17.tgz"
    integrity sha512-mdPjPxfnmoqhgpiEArqi4egmBAMYvaObgn4poorpUaqmvzzbvqbowRllQ+ZgzGVMGKaPkqUmPDOOFQRUFDmeUw==
  
  "@esbuild/netbsd-x64@0.16.17":
    version "0.16.17"
    resolved "https://registry.npmmirror.com/@esbuild/netbsd-x64/-/netbsd-x64-0.16.17.tgz#7d4f4041e30c5c07dd24ffa295c73f06038ec775"
    integrity sha512-/PzmzD/zyAeTUsduZa32bn0ORug+Jd1EGGAUJvqfeixoEISYpGnAezN6lnJoskauoai0Jrs+XSyvDhppCPoKOA==
  
  "@esbuild/openbsd-x64@0.16.17":
    version "0.16.17"
    resolved "https://registry.npmmirror.com/@esbuild/openbsd-x64/-/openbsd-x64-0.16.17.tgz#970fa7f8470681f3e6b1db0cc421a4af8060ec35"
    integrity sha512-2yaWJhvxGEz2RiftSk0UObqJa/b+rIAjnODJgv2GbGGpRwAfpgzyrg1WLK8rqA24mfZa9GvpjLcBBg8JHkoodg==
  
  "@esbuild/sunos-x64@0.16.17":
    version "0.16.17"
    resolved "https://registry.npmmirror.com/@esbuild/sunos-x64/-/sunos-x64-0.16.17.tgz#abc60e7c4abf8b89fb7a4fe69a1484132238022c"
    integrity sha512-xtVUiev38tN0R3g8VhRfN7Zl42YCJvyBhRKw1RJjwE1d2emWTVToPLNEQj/5Qxc6lVFATDiy6LjVHYhIPrLxzw==
  
  "@esbuild/win32-arm64@0.16.17":
    version "0.16.17"
    resolved "https://registry.npmmirror.com/@esbuild/win32-arm64/-/win32-arm64-0.16.17.tgz#7b0ff9e8c3265537a7a7b1fd9a24e7bd39fcd87a"
    integrity sha512-ga8+JqBDHY4b6fQAmOgtJJue36scANy4l/rL97W+0wYmijhxKetzZdKOJI7olaBaMhWt8Pac2McJdZLxXWUEQw==
  
  "@esbuild/win32-ia32@0.16.17":
    version "0.16.17"
    resolved "https://registry.npmmirror.com/@esbuild/win32-ia32/-/win32-ia32-0.16.17.tgz#e90fe5267d71a7b7567afdc403dfd198c292eb09"
    integrity sha512-WnsKaf46uSSF/sZhwnqE4L/F89AYNMiD4YtEcYekBt9Q7nj0DiId2XH2Ng2PHM54qi5oPrQ8luuzGszqi/veig==
  
  "@esbuild/win32-x64@0.16.17":
    version "0.16.17"
    resolved "https://registry.npmmirror.com/@esbuild/win32-x64/-/win32-x64-0.16.17.tgz#c5a1a4bfe1b57f0c3e61b29883525c6da3e5c091"
    integrity sha512-y+EHuSchhL7FjHgvQL/0fnnFmO4T1bhvWANX6gcnqTjtnKWbTvUMCpGnv2+t+31d7RzyEAYAd4u2fnIhHL6N/Q==
  
  "@jridgewell/gen-mapping@^0.1.0":
    version "0.1.1"
    resolved "https://registry.npmmirror.com/@jridgewell/gen-mapping/-/gen-mapping-0.1.1.tgz"
    integrity sha512-sQXCasFk+U8lWYEe66WxRDOE9PjVz4vSM51fTu3Hw+ClTpUSQb718772vH3pyS5pShp6lvQM7SxgIDXXXmOX7w==
    dependencies:
      "@jridgewell/set-array" "^1.0.0"
      "@jridgewell/sourcemap-codec" "^1.4.10"
  
  "@jridgewell/gen-mapping@^0.3.2":
    version "0.3.2"
    resolved "https://registry.npmmirror.com/@jridgewell/gen-mapping/-/gen-mapping-0.3.2.tgz"
    integrity sha512-mh65xKQAzI6iBcFzwv28KVWSmCkdRBWoOh+bYQGW3+6OZvbbN3TqMGo5hqYxQniRcH9F2VZIoJCm4pa3BPDK/A==
    dependencies:
      "@jridgewell/set-array" "^1.0.1"
      "@jridgewell/sourcemap-codec" "^1.4.10"
      "@jridgewell/trace-mapping" "^0.3.9"
  
  "@jridgewell/resolve-uri@3.1.0", "@jridgewell/resolve-uri@^3.0.3":
    version "3.1.0"
    resolved "https://registry.npmmirror.com/@jridgewell/resolve-uri/-/resolve-uri-3.1.0.tgz"
    integrity sha512-F2msla3tad+Mfht5cJq7LSXcdudKTWCVYUgw6pLFOOHSTtZlj6SWNYAp+AhuqLmWdBO2X5hPrLcu8cVP8fy28w==
  
  "@jridgewell/set-array@^1.0.0", "@jridgewell/set-array@^1.0.1":
    version "1.1.2"
    resolved "https://registry.npmmirror.com/@jridgewell/set-array/-/set-array-1.1.2.tgz"
    integrity sha512-xnkseuNADM0gt2bs+BvhO0p78Mk762YnZdsuzFV018NoG1Sj1SCQvpSqa7XUaTam5vAGasABV9qXASMKnFMwMw==
  
  "@jridgewell/sourcemap-codec@1.4.14", "@jridgewell/sourcemap-codec@^1.4.10":
    version "1.4.14"
    resolved "https://registry.npmmirror.com/@jridgewell/sourcemap-codec/-/sourcemap-codec-1.4.14.tgz"
    integrity sha512-XPSJHWmi394fuUuzDnGz1wiKqWfo1yXecHQMRf2l6hztTO+nPru658AyDngaBe7isIxEkRsPR3FZh+s7iVa4Uw==
  
  "@jridgewell/trace-mapping@0.3.9":
    version "0.3.9"
    resolved "https://registry.npmmirror.com/@jridgewell/trace-mapping/-/trace-mapping-0.3.9.tgz#6534fd5933a53ba7cbf3a17615e273a0d1273ff9"
    integrity sha512-3Belt6tdc8bPgAtbcmdtNJlirVoTmEb5e2gC94PnkwEW9jI6CAHUeoG85tjWP5WquqfavoMtMwiG4P926ZKKuQ==
    dependencies:
      "@jridgewell/resolve-uri" "^3.0.3"
      "@jridgewell/sourcemap-codec" "^1.4.10"
  
  "@jridgewell/trace-mapping@^0.3.9":
    version "0.3.17"
    resolved "https://registry.npmmirror.com/@jridgewell/trace-mapping/-/trace-mapping-0.3.17.tgz"
    integrity sha512-MCNzAp77qzKca9+W/+I0+sEpaUnZoeasnghNeVc41VZCEKaCH73Vq3BZZ/SzWIgrqE4H4ceI+p+b6C0mHf9T4g==
    dependencies:
      "@jridgewell/resolve-uri" "3.1.0"
      "@jridgewell/sourcemap-codec" "1.4.14"
  
  "@popperjs/core@^2.11.6":
    version "2.11.6"
    resolved "https://registry.npmmirror.com/@popperjs/core/-/core-2.11.6.tgz"
    integrity sha512-50/17A98tWUfQ176raKiOGXuYpLyyVMkxxG6oylzL3BPOlA6ADGdK7EYunSa4I064xerltq9TGXs8HmOk5E+vw==
  
  "@suid/base@0.6.3":
    version "0.6.3"
    resolved "https://registry.npmmirror.com/@suid/base/-/base-0.6.3.tgz"
    integrity sha512-LrQEmkXySozrgwf482i9AaK9fmYzN8UVxEGZd+8pufjDY6MzJFYHm363ODm8Kjho2L96wqWGuGBxO6uSIKtazQ==
    dependencies:
      "@popperjs/core" "^2.11.6"
      "@suid/css" "0.2.1"
      "@suid/system" "0.8.3"
      "@suid/types" "0.4.0"
      "@suid/utils" "0.6.1"
      clsx "^1.2.1"
  
  "@suid/css@0.2.1":
    version "0.2.1"
    resolved "https://registry.npmmirror.com/@suid/css/-/css-0.2.1.tgz"
    integrity sha512-ictV73loNG7BH9ID5PRGnuMryrAHOfyspaCZsQUzz5cTeLttFYgD/QKUcWr4FEG/1O7GVzgJlqtIT1r55LbCtw==
  
  "@suid/icons-material@^0.5.8":
    version "0.5.8"
    resolved "https://registry.npmmirror.com/@suid/icons-material/-/icons-material-0.5.8.tgz"
    integrity sha512-FU2FTdvLi0NyoFBjxGimuFPPkAFpgA9tjOBLIwvAjb+Styk8hcafg067peNzwfiDRgM78BTsBiJRBJISap2H/A==
    dependencies:
      "@suid/material" "0.10.1"
  
  "@suid/material@0.10.1", "@suid/material@^0.10.1":
    version "0.10.1"
    resolved "https://registry.npmmirror.com/@suid/material/-/material-0.10.1.tgz"
    integrity sha512-58MZRbC3z4kTiIfS1v2DrNypINrSBjydhIKV61419m1N35v04aKCoprB4jYhPHhDgIRyQ7a+glMddKSuCwWVqw==
    dependencies:
      "@suid/base" "0.6.3"
      "@suid/css" "0.2.1"
      "@suid/system" "0.8.3"
      "@suid/types" "0.4.0"
      "@suid/utils" "0.6.1"
      clsx "^1.2.1"
  
  "@suid/styled-engine@0.4.1":
    version "0.4.1"
    resolved "https://registry.npmmirror.com/@suid/styled-engine/-/styled-engine-0.4.1.tgz"
    integrity sha512-TzY/2zuspzVnx8q5PG04FgNzkJlESLZwxMYQK4VkIuqTm4CrC8VNMunBBUdv+4DVpQKArtO1ZnTGNNtE34rD8Q==
    dependencies:
      "@suid/css" "0.2.1"
      "@suid/utils" "0.6.1"
  
  "@suid/system@0.8.3":
    version "0.8.3"
    resolved "https://registry.npmmirror.com/@suid/system/-/system-0.8.3.tgz"
    integrity sha512-zWG/gOycH02EU5KHvRSWuJwKQnRgb1MXKbcZewOu0HYoOx6nTy6hWtoMFVbuYGLpMlzW8W8ABen91qhGWFDlNA==
    dependencies:
      "@suid/css" "0.2.1"
      "@suid/styled-engine" "0.4.1"
      "@suid/types" "0.4.0"
      "@suid/utils" "0.6.1"
      clsx "^1.2.1"
      csstype "^3.1.1"
  
  "@suid/types@0.4.0":
    version "0.4.0"
    resolved "https://registry.npmmirror.com/@suid/types/-/types-0.4.0.tgz"
    integrity sha512-rafpWrES+G8peLp1L7rm6QHGd+yhMV01jIzFDTzLIYgv8cQk4AsoKfgzZVfPysptF24owD9491Dv4BAzQY+XFA==
  
  "@suid/utils@0.6.1":
    version "0.6.1"
    resolved "https://registry.npmmirror.com/@suid/utils/-/utils-0.6.1.tgz"
    integrity sha512-Fg6oblOZIjZYnbF/kigE3GcqfVxN2kpmaVPpAeqTDvHNeHWzDI/rEWEXZI4nJ5WzToXDYOLHhYiQYWPDDsXPHA==
    dependencies:
      "@suid/types" "0.4.0"
  
  "@suid/vite-plugin@^0.1.2":
    version "0.1.2"
    resolved "https://registry.npmmirror.com/@suid/vite-plugin/-/vite-plugin-0.1.2.tgz"
    integrity sha512-5JutM2vZ30fBjaYCdzRTjO6X4wsoNMO1xl5Mti6QubRbYjeawEsoDHX5VOeY11I8ITBTb9GUx+eYmTlaAHFugA==
    dependencies:
      "@babel/generator" "^7.20.7"
      "@babel/parser" "^7.20.7"
      "@babel/traverse" "^7.20.12"
      "@babel/types" "^7.20.7"
      "@types/babel__generator" "^7.6.4"
      "@types/babel__traverse" "^7.18.3"
  
  "@tsconfig/node10@^1.0.7":
    version "1.0.9"
    resolved "https://registry.npmmirror.com/@tsconfig/node10/-/node10-1.0.9.tgz#df4907fc07a886922637b15e02d4cebc4c0021b2"
    integrity sha512-jNsYVVxU8v5g43Erja32laIDHXeoNvFEpX33OK4d6hljo3jDhCBDhx5dhCCTMWUojscpAagGiRkBKxpdl9fxqA==
  
  "@tsconfig/node12@^1.0.7":
    version "1.0.11"
    resolved "https://registry.npmmirror.com/@tsconfig/node12/-/node12-1.0.11.tgz#ee3def1f27d9ed66dac6e46a295cffb0152e058d"
    integrity sha512-cqefuRsh12pWyGsIoBKJA9luFu3mRxCA+ORZvA4ktLSzIuCUtWVxGIuXigEwO5/ywWFMZ2QEGKWvkZG1zDMTag==
  
  "@tsconfig/node14@^1.0.0":
    version "1.0.3"
    resolved "https://registry.npmmirror.com/@tsconfig/node14/-/node14-1.0.3.tgz#e4386316284f00b98435bf40f72f75a09dabf6c1"
    integrity sha512-ysT8mhdixWK6Hw3i1V2AeRqZ5WfXg1G43mqoYlM2nc6388Fq5jcXyr5mRsqViLx/GJYdoL0bfXD8nmF+Zn/Iow==
  
  "@tsconfig/node16@^1.0.2":
    version "1.0.3"
    resolved "https://registry.npmmirror.com/@tsconfig/node16/-/node16-1.0.3.tgz#472eaab5f15c1ffdd7f8628bd4c4f753995ec79e"
    integrity sha512-yOlFc+7UtL/89t2ZhjPvvB/DeAr3r+Dq58IgzsFkOAvVC6NMJXmCGjbptdXdR9qsX7pKcTL+s87FtYREi2dEEQ==
  
  "@types/babel__generator@^7.6.4":
    version "7.6.4"
    resolved "https://registry.npmmirror.com/@types/babel__generator/-/babel__generator-7.6.4.tgz"
    integrity sha512-tFkciB9j2K755yrTALxD44McOrk+gfpIpvC3sxHjRawj6PfnQxrse4Clq5y/Rq+G3mrBurMax/lG8Qn2t9mSsg==
    dependencies:
      "@babel/types" "^7.0.0"
  
  "@types/babel__traverse@^7.18.3":
    version "7.18.3"
    resolved "https://registry.npmmirror.com/@types/babel__traverse/-/babel__traverse-7.18.3.tgz"
    integrity sha512-1kbcJ40lLB7MHsj39U4Sh1uTd2E7rLEa79kmDpI6cy+XiXsteB3POdQomoq4FxszMrO3ZYchkhYJw7A2862b3w==
    dependencies:
      "@babel/types" "^7.3.0"
  
  "@types/parse-json@^4.0.0":
    version "4.0.0"
    resolved "https://registry.npmmirror.com/@types/parse-json/-/parse-json-4.0.0.tgz"
    integrity sha512-//oorEZjL6sbPcKUaCdIGlIUeH26mgzimjBB77G6XRgnDl/L5wOnpyBGRe/Mmf5CVW3PwEBE1NjiMZ/ssFh4wA==
  
  "@types/postcss-import@^14.0.0":
    version "14.0.0"
    resolved "https://registry.npmmirror.com/@types/postcss-import/-/postcss-import-14.0.0.tgz"
    integrity sha512-rYonq8jtSbdbBKNpi2xzi9CGFF7IcS/tzX6vMKFH1TMberRgTgTzYqCzRHPavBej/KId/AJd255iDSOsLv8esQ==
    dependencies:
      postcss "^8.0.0"
  
  acorn-walk@^8.1.1:
    version "8.2.0"
    resolved "https://registry.npmmirror.com/acorn-walk/-/acorn-walk-8.2.0.tgz#741210f2e2426454508853a2f44d0ab83b7f69c1"
    integrity sha512-k+iyHEuPgSw6SbuDpGQM+06HQUa04DZ3o+F6CSzXMvvI5KMvnaEqXe+YVe555R9nn6GPt404fos4wcgpw12SDA==
  
  acorn@^8.4.1:
    version "8.8.2"
    resolved "https://registry.npmmirror.com/acorn/-/acorn-8.8.2.tgz#1b2f25db02af965399b9776b0c2c391276d37c4a"
    integrity sha512-xjIYgE8HBrkpd/sJqOGNspf8uHG+NOHGOw6a/Urj8taM2EXfdNAH2oFcPeIFfsv3+kz/mJrS5VuMqbNLjCa2vw==
  
  ansi-styles@^3.2.1:
    version "3.2.1"
    resolved "https://registry.npmmirror.com/ansi-styles/-/ansi-styles-3.2.1.tgz"
    integrity sha512-VT0ZI6kZRdTh8YyJw3SMbYm/u+NqfsAxEpWO0Pf9sq8/e94WxxOpPKx9FR1FlyCtOVDNOQ+8ntlqFxiRc+r5qA==
    dependencies:
      color-convert "^1.9.0"
  
  apexcharts@^3.37.0:
    version "3.37.0"
    resolved "https://registry.npmmirror.com/apexcharts/-/apexcharts-3.37.0.tgz"
    integrity sha512-0mg1gDKUo3JG00Q//LK0jEXBS6OLjpuglqZ8ec9cqfA5oP8owopD9n5EhfARbWROb5o8GSPzFuohTJiCm2ecWw==
    dependencies:
      svg.draggable.js "^2.2.2"
      svg.easing.js "^2.0.0"
      svg.filter.js "^2.0.2"
      svg.pathmorphing.js "^0.1.3"
      svg.resize.js "^1.4.3"
      svg.select.js "^3.0.1"
  
  arg@^4.1.0:
    version "4.1.3"
    resolved "https://registry.npmmirror.com/arg/-/arg-4.1.3.tgz#269fc7ad5b8e42cb63c896d5666017261c144089"
    integrity sha512-58S9QDqG0Xx27YwPSt9fJxivjYl432YCwfDMfZ+71RAqUrZef7LrKQZ3LHLOwCS4FLNBplP533Zx895SeOCHvA==
  
  autoprefixer@^10.4.13:
    version "10.4.13"
    resolved "https://registry.npmmirror.com/autoprefixer/-/autoprefixer-10.4.13.tgz"
    integrity sha512-49vKpMqcZYsJjwotvt4+h/BCjJVnhGwcLpDt5xkcaOG3eLrG/HUYLagrihYsQ+qrIBgIzX1Rw7a6L8I/ZA1Atg==
    dependencies:
      browserslist "^4.21.4"
      caniuse-lite "^1.0.30001426"
      fraction.js "^4.2.0"
      normalize-range "^0.1.2"
      picocolors "^1.0.0"
      postcss-value-parser "^4.2.0"
  
  babel-plugin-jsx-dom-expressions@^0.35.15:
    version "0.35.15"
    resolved "https://registry.npmmirror.com/babel-plugin-jsx-dom-expressions/-/babel-plugin-jsx-dom-expressions-0.35.15.tgz"
    integrity sha512-33GQnanjYKefOTO2lQK6EaKXPJ1W8vtzvBneGfhKaOZHQJLqe61P93jP0TLTz67sqsA0m1ph1cNdGpLc/Nx2Xg==
    dependencies:
      "@babel/helper-module-imports" "7.18.6"
      "@babel/plugin-syntax-jsx" "^7.18.6"
      "@babel/types" "^7.20.7"
      html-entities "2.3.3"
      validate-html-nesting "^1.2.0"
  
  babel-preset-solid@^1.6.3:
    version "1.6.10"
    resolved "https://registry.npmmirror.com/babel-preset-solid/-/babel-preset-solid-1.6.10.tgz"
    integrity sha512-qBLjzeWmgY5jX11sJg/lriXABYdClfJrJJrIHaT6G5EuGhxhm6jn7XjqXjLBZHBgy5n/Z+iqJ5YfQj8KG2jKTA==
    dependencies:
      babel-plugin-jsx-dom-expressions "^0.35.15"
  
  browserslist@^4.21.3, browserslist@^4.21.4:
    version "4.21.5"
    resolved "https://registry.npmmirror.com/browserslist/-/browserslist-4.21.5.tgz"
    integrity sha512-tUkiguQGW7S3IhB7N+c2MV/HZPSCPAAiYBZXLsBhFB/PCy6ZKKsZrmBayHV9fdGV/ARIfJ14NkxKzRDjvp7L6w==
    dependencies:
      caniuse-lite "^1.0.30001449"
      electron-to-chromium "^1.4.284"
      node-releases "^2.0.8"
      update-browserslist-db "^1.0.10"
  
  callsites@^3.0.0:
    version "3.1.0"
    resolved "https://registry.npmmirror.com/callsites/-/callsites-3.1.0.tgz"
    integrity sha512-P8BjAsXvZS+VIDUI11hHCQEv74YT67YUi5JJFNWIqL235sBmjX4+qx9Muvls5ivyNENctx46xQLQ3aTuE7ssaQ==
  
  caniuse-lite@^1.0.30001426, caniuse-lite@^1.0.30001449:
    version "1.0.30001450"
    resolved "https://registry.npmmirror.com/caniuse-lite/-/caniuse-lite-1.0.30001450.tgz"
    integrity sha512-qMBmvmQmFXaSxexkjjfMvD5rnDL0+m+dUMZKoDYsGG8iZN29RuYh9eRoMvKsT6uMAWlyUUGDEQGJJYjzCIO9ew==
  
  chalk@^2.0.0:
    version "2.4.2"
    resolved "https://registry.npmmirror.com/chalk/-/chalk-2.4.2.tgz"
    integrity sha512-Mti+f9lpJNcwF4tWV8/OrTTtF1gZi+f8FqlyAdouralcFWFQWF2+NgCHShjkCb+IFBLq9buZwE1xckQU4peSuQ==
    dependencies:
      ansi-styles "^3.2.1"
      escape-string-regexp "^1.0.5"
      supports-color "^5.3.0"
  
  clsx@^1.2.1:
    version "1.2.1"
    resolved "https://registry.npmmirror.com/clsx/-/clsx-1.2.1.tgz"
    integrity sha512-EcR6r5a8bj6pu3ycsa/E/cKVGuTgZJZdsyUYHOksG/UHIiKfjxzRxYJpyVBwYaQeOvghal9fcc4PidlgzugAQg==
  
  color-convert@^1.9.0:
    version "1.9.3"
    resolved "https://registry.npmmirror.com/color-convert/-/color-convert-1.9.3.tgz"
    integrity sha512-QfAUtd+vFdAtFQcC8CCyYt1fYWxSqAiK2cSD6zDB8N3cpsEBAvRxp9zOGg6G/SHHJYAT88/az/IuDGALsNVbGg==
    dependencies:
      color-name "1.1.3"
  
  color-name@1.1.3:
    version "1.1.3"
    resolved "https://registry.npmmirror.com/color-name/-/color-name-1.1.3.tgz"
    integrity sha512-72fSenhMw2HZMTVHeCA9KCmpEIbzWiQsjN+BHcBbS9vr1mtt+vJjPdksIBNUmKAW8TFUDPJK5SUU3QhE9NEXDw==
  
  commander@*:
    version "10.0.0"
    resolved "https://registry.npmmirror.com/commander/-/commander-10.0.0.tgz#71797971162cd3cf65f0b9d24eb28f8d303acdf1"
    integrity sha512-zS5PnTI22FIRM6ylNW8G4Ap0IEOyk62fhLSD0+uHRT9McRCLGpkVNvao4bjimpK/GShynyQkFFxHhwMcETmduA==
  
  convert-source-map@^1.7.0:
    version "1.9.0"
    resolved "https://registry.npmmirror.com/convert-source-map/-/convert-source-map-1.9.0.tgz"
    integrity sha512-ASFBup0Mz1uyiIjANan1jzLQami9z1PoYSZCiiYW2FczPbenXc45FZdBZLzOT+r6+iciuEModtmCti+hjaAk0A==
  
  cosmiconfig@^7.0.0:
    version "7.1.0"
    resolved "https://registry.npmmirror.com/cosmiconfig/-/cosmiconfig-7.1.0.tgz"
    integrity sha512-AdmX6xUzdNASswsFtmwSt7Vj8po9IuqXm0UXz7QKPuEUmPB4XyjGfaAr2PSuELMwkRMVH1EpIkX5bTZGRB3eCA==
    dependencies:
      "@types/parse-json" "^4.0.0"
      import-fresh "^3.2.1"
      parse-json "^5.0.0"
      path-type "^4.0.0"
      yaml "^1.10.0"
  
  create-require@^1.1.0:
    version "1.1.1"
    resolved "https://registry.npmmirror.com/create-require/-/create-require-1.1.1.tgz#c1d7e8f1e5f6cfc9ff65f9cd352d37348756c333"
    integrity sha512-dcKFX3jn0MpIaXjisoRvexIJVEKzaq7z2rZKxf+MSr9TkdmHmsU4m2lcLojrj/FHl8mk5VxMmYA+ftRkP/3oKQ==
  
  css-blank-pseudo@^5.0.0:
    version "5.0.1"
    resolved "https://registry.npmmirror.com/css-blank-pseudo/-/css-blank-pseudo-5.0.1.tgz"
    integrity sha512-uEWT+613bR0lxUAz7BDdk4yZJ1BfzIJ9rmyOFj+p53ZP8rm0BC3nA2YsyswyxjFZsrfRDxe2WERDfKiEZNSXag==
    dependencies:
      postcss-selector-parser "^6.0.10"
  
  css-has-pseudo@^5.0.0:
    version "5.0.1"
    resolved "https://registry.npmmirror.com/css-has-pseudo/-/css-has-pseudo-5.0.1.tgz"
    integrity sha512-zhsGCKVkBohliMlcsZsv5WF/i4FQ3pkVMtl4yYa7Qpv/PVQebTjh7cjMoT5grW+DBZzunmgHe6skdWawgCYuPQ==
    dependencies:
      "@csstools/selector-specificity" "^2.0.1"
      postcss-selector-parser "^6.0.10"
      postcss-value-parser "^4.2.0"
  
  css-prefers-color-scheme@^8.0.0:
    version "8.0.1"
    resolved "https://registry.npmmirror.com/css-prefers-color-scheme/-/css-prefers-color-scheme-8.0.1.tgz"
    integrity sha512-RPRyqJsk5KIjP2+WGhcGCaAJB8ojLbX1mVE8fG9127jQmnp1FNMfNMkERk/w6c4smgC/i5KxcY+Rtaa6/bMdKQ==
  
  cssdb@^7.4.0:
    version "7.4.1"
    resolved "https://registry.npmmirror.com/cssdb/-/cssdb-7.4.1.tgz"
    integrity sha512-0Q8NOMpXJ3iTDDbUv9grcmQAfdDx4qz+fN/+Md2FGbevT+6+bJNQ2LjB2YIUlLbpBTM32idU1Sb+tb/uGt6/XQ==
  
  cssesc@^3.0.0:
    version "3.0.0"
    resolved "https://registry.npmmirror.com/cssesc/-/cssesc-3.0.0.tgz"
    integrity sha512-/Tb/JcjK111nNScGob5MNtsntNM1aCNUDipB/TkwZFhyDrrE47SOx/18wF2bbjgc3ZzCSKW1T5nt5EbFoAz/Vg==
  
  csstype@^3.1.0, csstype@^3.1.1:
    version "3.1.1"
    resolved "https://registry.npmmirror.com/csstype/-/csstype-3.1.1.tgz"
    integrity sha512-DJR/VvkAvSZW9bTouZue2sSxDwdTN92uHjqeKVm+0dAqdfNykRzQ95tay8aXMBAAPpUiq4Qcug2L7neoRh2Egw==
  
  debug@^4.1.0:
    version "4.3.4"
    resolved "https://registry.npmmirror.com/debug/-/debug-4.3.4.tgz"
    integrity sha512-PRWFHuSU3eDtQJPvnNY7Jcket1j0t5OuOsFzPPzsekD52Zl8qUfFIPEiswXqIvHWGVHOgX+7G/vCNNhehwxfkQ==
    dependencies:
      ms "2.1.2"
  
  defu@^6.1.0:
    version "6.1.2"
    resolved "https://registry.npmmirror.com/defu/-/defu-6.1.2.tgz"
    integrity sha512-+uO4+qr7msjNNWKYPHqN/3+Dx3NFkmIzayk2L1MyZQlvgZb/J1A0fo410dpKrN2SnqFjt8n4JL8fDJE0wIgjFQ==
  
  diff@^4.0.1:
    version "4.0.2"
    resolved "https://registry.npmmirror.com/diff/-/diff-4.0.2.tgz#60f3aecb89d5fae520c11aa19efc2bb982aade7d"
    integrity sha512-58lmxKSA4BNyLz+HHMUzlOEpg09FV+ev6ZMe3vJihgdxzgcwZ8VoEEPmALCZG9LmqfVoNMMKpttIYTVG6uDY7A==
  
  electron-to-chromium@^1.4.284:
    version "1.4.284"
    resolved "https://registry.npmmirror.com/electron-to-chromium/-/electron-to-chromium-1.4.284.tgz"
    integrity sha512-M8WEXFuKXMYMVr45fo8mq0wUrrJHheiKZf6BArTKk9ZBYCKJEOU5H8cdWgDT+qCVZf7Na4lVUaZsA+h6uA9+PA==
  
  error-ex@^1.3.1:
    version "1.3.2"
    resolved "https://registry.npmmirror.com/error-ex/-/error-ex-1.3.2.tgz"
    integrity sha512-7dFHNmqeFSEt2ZBsCriorKnn3Z2pj+fd9kmI6QoWw4//DL+icEBfc0U7qJCisqrTsKTjw4fNFy2pW9OqStD84g==
    dependencies:
      is-arrayish "^0.2.1"
  
  esbuild@^0.16.14:
    version "0.16.17"
    resolved "https://registry.npmmirror.com/esbuild/-/esbuild-0.16.17.tgz"
    integrity sha512-G8LEkV0XzDMNwXKgM0Jwu3nY3lSTwSGY6XbxM9cr9+s0T/qSV1q1JVPBGzm3dcjhCic9+emZDmMffkwgPeOeLg==
    optionalDependencies:
      "@esbuild/android-arm" "0.16.17"
      "@esbuild/android-arm64" "0.16.17"
      "@esbuild/android-x64" "0.16.17"
      "@esbuild/darwin-arm64" "0.16.17"
      "@esbuild/darwin-x64" "0.16.17"
      "@esbuild/freebsd-arm64" "0.16.17"
      "@esbuild/freebsd-x64" "0.16.17"
      "@esbuild/linux-arm" "0.16.17"
      "@esbuild/linux-arm64" "0.16.17"
      "@esbuild/linux-ia32" "0.16.17"
      "@esbuild/linux-loong64" "0.16.17"
      "@esbuild/linux-mips64el" "0.16.17"
      "@esbuild/linux-ppc64" "0.16.17"
      "@esbuild/linux-riscv64" "0.16.17"
      "@esbuild/linux-s390x" "0.16.17"
      "@esbuild/linux-x64" "0.16.17"
      "@esbuild/netbsd-x64" "0.16.17"
      "@esbuild/openbsd-x64" "0.16.17"
      "@esbuild/sunos-x64" "0.16.17"
      "@esbuild/win32-arm64" "0.16.17"
      "@esbuild/win32-ia32" "0.16.17"
      "@esbuild/win32-x64" "0.16.17"
  
  escalade@^3.1.1:
    version "3.1.1"
    resolved "https://registry.npmmirror.com/escalade/-/escalade-3.1.1.tgz"
    integrity sha512-k0er2gUkLf8O0zKJiAhmkTnJlTvINGv7ygDNPbeIsX/TJjGJZHuh9B2UxbsaEkmlEo9MfhrSzmhIlhRlI2GXnw==
  
  escape-string-regexp@^1.0.5:
    version "1.0.5"
    resolved "https://registry.npmmirror.com/escape-string-regexp/-/escape-string-regexp-1.0.5.tgz"
    integrity sha512-vbRorB5FUQWvla16U8R/qgaFIya2qGzwDrNmCZuYKrbdSUMG6I1ZCGQRefkRVhuOkIGVne7BQ35DSfo1qvJqFg==
  
  fraction.js@^4.2.0:
    version "4.2.0"
    resolved "https://registry.npmmirror.com/fraction.js/-/fraction.js-4.2.0.tgz"
    integrity sha512-MhLuK+2gUcnZe8ZHlaaINnQLl0xRIGRfcGk2yl8xoQAfHrSsL3rYu6FCmBdkdbhc9EPlwyGHewaRsvwRMJtAlA==
  
  fsevents@~2.3.2:
    version "2.3.2"
    resolved "https://registry.npmmirror.com/fsevents/-/fsevents-2.3.2.tgz#8a526f78b8fdf4623b709e0b975c52c24c02fd1a"
    integrity sha512-xiqMQR4xAeHTuB9uWm+fFRcIOgKBMiOBP+eXiyT7jsgVCq1bkVygt00oASowB7EdtpOHaaPgKt812P9ab+DDKA==
  
  function-bind@^1.1.1:
    version "1.1.1"
    resolved "https://registry.npmmirror.com/function-bind/-/function-bind-1.1.1.tgz"
    integrity sha512-yIovAzMX49sF8Yl58fSCWJ5svSLuaibPxXQJFLmBObTuCr0Mf1KiPopGM9NiFjiYBCbfaa2Fh6breQ6ANVTI0A==
  
  gensync@^1.0.0-beta.2:
    version "1.0.0-beta.2"
    resolved "https://registry.npmmirror.com/gensync/-/gensync-1.0.0-beta.2.tgz"
    integrity sha512-3hN7NaskYvMDLQY55gnW3NQ+mesEAepTqlg+VEbj7zzqEMBVNhzcGYYeqFo/TlYz6eQiFcp1HcsCZO+nGgS8zg==
  
  globals@^11.1.0:
    version "11.12.0"
    resolved "https://registry.npmmirror.com/globals/-/globals-11.12.0.tgz"
    integrity sha512-WOBp/EEGUiIsJSp7wcv/y6MO+lV9UoncWqxuFfm8eBwzWNgyfBd6Gz+IeKQ9jCmyhoH99g15M3T+QaVHFjizVA==
  
  has-flag@^3.0.0:
    version "3.0.0"
    resolved "https://registry.npmmirror.com/has-flag/-/has-flag-3.0.0.tgz"
    integrity sha512-sKJf1+ceQBr4SMkvQnBDNDtf4TXpVhVGateu0t918bl30FnbE2m4vNLX+VWe/dpjlb+HugGYzW7uQXH98HPEYw==
  
  has@^1.0.3:
    version "1.0.3"
    resolved "https://registry.npmmirror.com/has/-/has-1.0.3.tgz"
    integrity sha512-f2dvO0VU6Oej7RkWJGrehjbzMAjFp5/VKPp5tTpWIV4JHHZK1/BxbFRtf/siA2SWTe09caDmVtYYzWEIbBS4zw==
    dependencies:
      function-bind "^1.1.1"
  
  html-entities@2.3.3:
    version "2.3.3"
    resolved "https://registry.npmmirror.com/html-entities/-/html-entities-2.3.3.tgz"
    integrity sha512-DV5Ln36z34NNTDgnz0EWGBLZENelNAtkiFA4kyNOG2tDI6Mz1uSWiq1wAKdyjnJwyDiDO7Fa2SO1CTxPXL8VxA==
  
  import-fresh@^3.2.1:
    version "3.3.0"
    resolved "https://registry.npmmirror.com/import-fresh/-/import-fresh-3.3.0.tgz"
    integrity sha512-veYYhQa+D1QBKznvhUHxb8faxlrwUnxseDAbAp457E0wLNio2bOSKnjYDhMj+YiAq61xrMGhQk9iXVk5FzgQMw==
    dependencies:
      parent-module "^1.0.0"
      resolve-from "^4.0.0"
  
  is-arrayish@^0.2.1:
    version "0.2.1"
    resolved "https://registry.npmmirror.com/is-arrayish/-/is-arrayish-0.2.1.tgz"
    integrity sha512-zz06S8t0ozoDXMG+ube26zeCTNXcKIPJZJi8hBrF4idCLms4CG9QtK7qBl1boi5ODzFpjswb5JPmHCbMpjaYzg==
  
  is-core-module@^2.9.0:
    version "2.11.0"
    resolved "https://registry.npmmirror.com/is-core-module/-/is-core-module-2.11.0.tgz"
    integrity sha512-RRjxlvLDkD1YJwDbroBHMb+cukurkDWNyHx7D3oNB5x9rb5ogcksMC5wHCadcXoo67gVr/+3GFySh3134zi6rw==
    dependencies:
      has "^1.0.3"
  
  is-what@^4.1.8:
    version "4.1.8"
    resolved "https://registry.npmmirror.com/is-what/-/is-what-4.1.8.tgz"
    integrity sha512-yq8gMao5upkPoGEU9LsB2P+K3Kt8Q3fQFCGyNCWOAnJAMzEXVV9drYb0TXr42TTliLLhKIBvulgAXgtLLnwzGA==
  
  js-tokens@^4.0.0:
    version "4.0.0"
    resolved "https://registry.npmmirror.com/js-tokens/-/js-tokens-4.0.0.tgz"
    integrity sha512-RdJUflcE3cUzKiMqQgsCu06FPu9UdIJO0beYbPhHN4k6apgJtifcoCtT9bcxOpYBtpD2kCM6Sbzg4CausW/PKQ==
  
  jsesc@^2.5.1:
    version "2.5.2"
    resolved "https://registry.npmmirror.com/jsesc/-/jsesc-2.5.2.tgz"
    integrity sha512-OYu7XEzjkCQ3C5Ps3QIZsQfNpqoJyZZA99wd9aWd05NCtC5pWOkShK2mkL6HXQR6/Cy2lbNdPlZBpuQHXE63gA==
  
  json-parse-even-better-errors@^2.3.0:
    version "2.3.1"
    resolved "https://registry.npmmirror.com/json-parse-even-better-errors/-/json-parse-even-better-errors-2.3.1.tgz"
    integrity sha512-xyFwyhro/JEof6Ghe2iz2NcXoj2sloNsWr/XsERDK/oiPCfaNhl5ONfp+jQdAZRQQ0IJWNzH9zIZF7li91kh2w==
  
  json5@^2.2.2:
    version "2.2.3"
    resolved "https://registry.npmmirror.com/json5/-/json5-2.2.3.tgz"
    integrity sha512-XmOWe7eyHYH14cLdVPoyg+GOH3rYX++KpzrylJwSW98t3Nk+U8XOl8FWKOgwtzdb8lXGf6zYwDUzeHMWfxasyg==
  
  klona@^2.0.5:
    version "2.0.6"
    resolved "https://registry.npmmirror.com/klona/-/klona-2.0.6.tgz"
    integrity sha512-dhG34DXATL5hSxJbIexCft8FChFXtmskoZYnoPWjXQuebWYCNkVeV3KkGegCK9CP1oswI/vQibS2GY7Em/sJJA==
  
  lilconfig@^2.0.5:
    version "2.0.6"
    resolved "https://registry.npmmirror.com/lilconfig/-/lilconfig-2.0.6.tgz"
    integrity sha512-9JROoBW7pobfsx+Sq2JsASvCo6Pfo6WWoUW79HuB1BCoBXD4PLWJPqDF6fNj67pqBYTbAHkE57M1kS/+L1neOg==
  
  lines-and-columns@^1.1.6:
    version "1.2.4"
    resolved "https://registry.npmmirror.com/lines-and-columns/-/lines-and-columns-1.2.4.tgz"
    integrity sha512-7ylylesZQ/PV29jhEDl3Ufjo6ZX7gCqJr5F7PKrqc93v7fzSymt1BpwEU8nAUXs8qzzvqhbjhK5QZg6Mt/HkBg==
  
  lru-cache@^5.1.1:
    version "5.1.1"
    resolved "https://registry.npmmirror.com/lru-cache/-/lru-cache-5.1.1.tgz"
    integrity sha512-KpNARQA3Iwv+jTA0utUVVbrh+Jlrr1Fv0e56GGzAFOXN7dk/FviaDW8LHmK52DlcH4WP2n6gI8vN1aesBFgo9w==
    dependencies:
      yallist "^3.0.2"
  
  lru-cache@^6.0.0:
    version "6.0.0"
    resolved "https://registry.npmmirror.com/lru-cache/-/lru-cache-6.0.0.tgz"
    integrity sha512-Jo6dJ04CmSjuznwJSS3pUeWmd/H0ffTlkXXgwZi+eq1UCmqQwCh+eLsYOYCwY991i2Fah4h1BEMCx4qThGbsiA==
    dependencies:
      yallist "^4.0.0"
  
  make-error@^1.1.1:
    version "1.3.6"
    resolved "https://registry.npmmirror.com/make-error/-/make-error-1.3.6.tgz#2eb2e37ea9b67c4891f684a1394799af484cf7a2"
    integrity sha512-s8UhlNe7vPKomQhC1qFelMokr/Sc3AgNbso3n74mVPA5LTZwkB9NlXf4XPamLxJE8h0gh73rM94xvwRT2CVInw==
  
  merge-anything@^5.1.4:
    version "5.1.4"
    resolved "https://registry.npmmirror.com/merge-anything/-/merge-anything-5.1.4.tgz"
    integrity sha512-7PWKwGOs5WWcpw+/OvbiFiAvEP6bv/QHiicigpqMGKIqPPAtGhBLR8LFJW+Zu6m9TXiR/a8+AiPlGG0ko1ruoQ==
    dependencies:
      is-what "^4.1.8"
  
  mockjs@^1.1.0:
    version "1.1.0"
    resolved "https://registry.npmmirror.com/mockjs/-/mockjs-1.1.0.tgz#e6a0c378e91906dbaff20911cc0273b3c7d75b06"
    integrity sha512-eQsKcWzIaZzEZ07NuEyO4Nw65g0hdWAyurVol1IPl1gahRwY+svqzfgfey8U8dahLwG44d6/RwEzuK52rSa/JQ==
    dependencies:
      commander "*"
  
  ms@2.1.2:
    version "2.1.2"
    resolved "https://registry.npmmirror.com/ms/-/ms-2.1.2.tgz"
    integrity sha512-sGkPx+VjMtmA6MX27oA4FBFELFCZZ4S4XqeGOXCv68tT+jb3vk/RyaKWP0PTKyWtmLSM0b+adUTEvbs1PEaH2w==
  
  nanoid@^3.3.4:
    version "3.3.4"
    resolved "https://registry.npmmirror.com/nanoid/-/nanoid-3.3.4.tgz"
    integrity sha512-MqBkQh/OHTS2egovRtLk45wEyNXwF+cokD+1YPf9u5VfJiRdAiRwB2froX5Co9Rh20xs4siNPm8naNotSD6RBw==
  
  node-releases@^2.0.8:
    version "2.0.9"
    resolved "https://registry.npmmirror.com/node-releases/-/node-releases-2.0.9.tgz"
    integrity sha512-2xfmOrRkGogbTK9R6Leda0DGiXeY3p2NJpy4+gNCffdUvV6mdEJnaDEic1i3Ec2djAo8jWYoJMR5PB0MSMpxUA==
  
  normalize-range@^0.1.2:
    version "0.1.2"
    resolved "https://registry.npmmirror.com/normalize-range/-/normalize-range-0.1.2.tgz"
    integrity sha512-bdok/XvKII3nUpklnV6P2hxtMNrCboOjAcyBuQnWEhO665FwrSNRxU+AqpsyvO6LgGYPspN+lu5CLtw4jPRKNA==
  
  parent-module@^1.0.0:
    version "1.0.1"
    resolved "https://registry.npmmirror.com/parent-module/-/parent-module-1.0.1.tgz"
    integrity sha512-GQ2EWRpQV8/o+Aw8YqtfZZPfNRWZYkbidE9k5rpl/hC3vtHHBfGm2Ifi6qWV+coDGkrUKZAxE3Lot5kcsRlh+g==
    dependencies:
      callsites "^3.0.0"
  
  parse-json@^5.0.0:
    version "5.2.0"
    resolved "https://registry.npmmirror.com/parse-json/-/parse-json-5.2.0.tgz"
    integrity sha512-ayCKvm/phCGxOkYRSCM82iDwct8/EonSEgCSxWxD7ve6jHggsFl4fZVQBPRNgQoKiuV/odhFrGzQXZwbifC8Rg==
    dependencies:
      "@babel/code-frame" "^7.0.0"
      error-ex "^1.3.1"
      json-parse-even-better-errors "^2.3.0"
      lines-and-columns "^1.1.6"
  
  path-parse@^1.0.7:
    version "1.0.7"
    resolved "https://registry.npmmirror.com/path-parse/-/path-parse-1.0.7.tgz"
    integrity sha512-LDJzPVEEEPR+y48z93A0Ed0yXb8pAByGWo/k5YYdYgpY2/2EsOsksJrq7lOHxryrVOn1ejG6oAp8ahvOIQD8sw==
  
  path-type@^4.0.0:
    version "4.0.0"
    resolved "https://registry.npmmirror.com/path-type/-/path-type-4.0.0.tgz"
    integrity sha512-gDKb8aZMDeD/tZWs9P6+q0J9Mwkdl6xMV8TjnGP3qJVJ06bdMgkbBlLU8IdfOsIsFz2BW1rNVT3XuNEl8zPAvw==
  
  picocolors@^1.0.0:
    version "1.0.0"
    resolved "https://registry.npmmirror.com/picocolors/-/picocolors-1.0.0.tgz"
    integrity sha512-1fygroTLlHu66zi26VoTDv8yRgm0Fccecssto+MhsZ0D/DGW2sm8E8AjW7NU5VVTRt5GxbeZ5qBuJr+HyLYkjQ==
  
  pify@^2.3.0:
    version "2.3.0"
    resolved "https://registry.npmmirror.com/pify/-/pify-2.3.0.tgz"
    integrity sha512-udgsAY+fTnvv7kI7aaxbqwWNb0AHiB0qBO89PZKPkoTmGOgdbrHDKD+0B2X4uTfJ/FT1R09r9gTsjUjNJotuog==
  
  postcss-attribute-case-insensitive@^6.0.0:
    version "6.0.1"
    resolved "https://registry.npmmirror.com/postcss-attribute-case-insensitive/-/postcss-attribute-case-insensitive-6.0.1.tgz"
    integrity sha512-XNVoIdu/Pskb5OhkM+iHicEVuASeqAjOTCaW8Wcbrd1UVwRukOJr5+zWzFjYxJj55Z/67ViVm9n/1hwF7MGByQ==
    dependencies:
      postcss-selector-parser "^6.0.10"
  
  postcss-clamp@^4.1.0:
    version "4.1.0"
    resolved "https://registry.npmmirror.com/postcss-clamp/-/postcss-clamp-4.1.0.tgz"
    integrity sha512-ry4b1Llo/9zz+PKC+030KUnPITTJAHeOwjfAyyB60eT0AorGLdzp52s31OsPRHRf8NchkgFoG2y6fCfn1IV1Ow==
    dependencies:
      postcss-value-parser "^4.2.0"
  
  postcss-color-functional-notation@^5.0.0:
    version "5.0.1"
    resolved "https://registry.npmmirror.com/postcss-color-functional-notation/-/postcss-color-functional-notation-5.0.1.tgz"
    integrity sha512-Q9YDNQddKrl6YBs3229v+ckQINLyAaPfjJqG3jp5NUlP0UMm9+JeuLO1IMpeZy0l+rIE64y4OjUq0o+xhrnnrA==
    dependencies:
      postcss-value-parser "^4.2.0"
  
  postcss-color-hex-alpha@^9.0.0:
    version "9.0.1"
    resolved "https://registry.npmmirror.com/postcss-color-hex-alpha/-/postcss-color-hex-alpha-9.0.1.tgz"
    integrity sha512-1ZTJvmOZXTCsedKeY+Puqwx6AgoyB1KnzSD/CGDIl1NWvDfxi1jYky4R9konw2SAYw0SOeU33EU27ihE59Fp8Q==
    dependencies:
      postcss-value-parser "^4.2.0"
  
  postcss-color-rebeccapurple@^8.0.0:
    version "8.0.1"
    resolved "https://registry.npmmirror.com/postcss-color-rebeccapurple/-/postcss-color-rebeccapurple-8.0.1.tgz"
    integrity sha512-bzZYxBDx/uUGW9HeldOA7J69GdymOZJNz3pG8av27YSgJt9dobl4l+hI/3KAosoRJml/iWceT97pJQj3O/dQDw==
    dependencies:
      postcss-value-parser "^4.2.0"
  
  postcss-custom-media@^9.1.0:
    version "9.1.1"
    resolved "https://registry.npmmirror.com/postcss-custom-media/-/postcss-custom-media-9.1.1.tgz"
    integrity sha512-veQwzQkHgBkizxYCV/EBsiK8sFIJA0oQMQL9mpQ3gqFGc2dWlNWURHk4J44i9Q0dFeFCK81vV/Xpj7fyfNQKSA==
    dependencies:
      "@csstools/cascade-layer-name-parser" "^1.0.0"
      "@csstools/css-parser-algorithms" "^2.0.0"
      "@csstools/css-tokenizer" "^2.0.0"
      "@csstools/media-query-list-parser" "^2.0.0"
  
  postcss-custom-properties@^13.1.0:
    version "13.1.1"
    resolved "https://registry.npmmirror.com/postcss-custom-properties/-/postcss-custom-properties-13.1.1.tgz"
    integrity sha512-FK4dBiHdzWOosLu3kEAHaYpfcrnMfVV4nP6PT6EFIfWXrtHH9LY8idfTYnEDpq/vgE33mr8ykhs7BjlgcT9agg==
    dependencies:
      "@csstools/cascade-layer-name-parser" "^1.0.0"
      "@csstools/css-parser-algorithms" "^2.0.0"
      "@csstools/css-tokenizer" "^2.0.0"
      postcss-value-parser "^4.2.0"
  
  postcss-custom-selectors@^7.1.0:
    version "7.1.1"
    resolved "https://registry.npmmirror.com/postcss-custom-selectors/-/postcss-custom-selectors-7.1.1.tgz"
    integrity sha512-CPs3BSdQfKqdrJ3d+3In9ppBPA8GpRy4Bd50jU+BDD6WEZOx8TTIB9i67BfRc2AVEAbRZwDMesreF95598dwhw==
    dependencies:
      "@csstools/cascade-layer-name-parser" "^1.0.0"
      "@csstools/css-parser-algorithms" "^2.0.0"
      "@csstools/css-tokenizer" "^2.0.0"
      postcss-selector-parser "^6.0.4"
  
  postcss-dir-pseudo-class@^7.0.0:
    version "7.0.1"
    resolved "https://registry.npmmirror.com/postcss-dir-pseudo-class/-/postcss-dir-pseudo-class-7.0.1.tgz"
    integrity sha512-VjiqVOTz1op7bsiw7qd5CjZ0txA5yJY/oo1wb3f37qdleRTZQ9hzhAtLDqXimn0ZKh9XbtYawc4pmVBnV+LyMA==
    dependencies:
      postcss-selector-parser "^6.0.10"
  
  postcss-double-position-gradients@^4.0.0:
    version "4.0.1"
    resolved "https://registry.npmmirror.com/postcss-double-position-gradients/-/postcss-double-position-gradients-4.0.1.tgz"
    integrity sha512-XE+eKvX96E9cmldwKeRmK8AMxfQfuuHN9Yjerymau5i+fgC/vEY+B+Ke2vnEv4E8EXu8MKdLxi4DzmodusW19Q==
    dependencies:
      "@csstools/postcss-progressive-custom-properties" "^2.0.0"
      postcss-value-parser "^4.2.0"
  
  postcss-focus-visible@^8.0.0:
    version "8.0.1"
    resolved "https://registry.npmmirror.com/postcss-focus-visible/-/postcss-focus-visible-8.0.1.tgz"
    integrity sha512-azd1NMrLBe5bfKyomui9AMcgIR2zzlqXCTnKjshNDSClmmSO5MauTyflJUqmIwjIhD16+FbPyGV8Nxsly87BjA==
    dependencies:
      postcss-selector-parser "^6.0.10"
  
  postcss-focus-within@^7.0.0:
    version "7.0.1"
    resolved "https://registry.npmmirror.com/postcss-focus-within/-/postcss-focus-within-7.0.1.tgz"
    integrity sha512-iSpk018Yqn0xwltFR7NHjagyt+e/6u8w50uEnGOcFOddLay5zQFjpJBg6euEZu7wY5WDq83DPpdO99eL+8Er8g==
    dependencies:
      postcss-selector-parser "^6.0.10"
  
  postcss-font-variant@^5.0.0:
    version "5.0.0"
    resolved "https://registry.npmmirror.com/postcss-font-variant/-/postcss-font-variant-5.0.0.tgz"
    integrity sha512-1fmkBaCALD72CK2a9i468mA/+tr9/1cBxRRMXOUaZqO43oWPR5imcyPjXwuv7PXbCid4ndlP5zWhidQVVa3hmA==
  
  postcss-gap-properties@^4.0.0:
    version "4.0.1"
    resolved "https://registry.npmmirror.com/postcss-gap-properties/-/postcss-gap-properties-4.0.1.tgz"
    integrity sha512-V5OuQGw4lBumPlwHWk/PRfMKjaq/LTGR4WDTemIMCaMevArVfCCA9wBJiL1VjDAd+rzuCIlkRoRvDsSiAaZ4Fg==
  
  postcss-image-set-function@^5.0.0:
    version "5.0.1"
    resolved "https://registry.npmmirror.com/postcss-image-set-function/-/postcss-image-set-function-5.0.1.tgz"
    integrity sha512-JnmN9Wo7WjlvM7fg00wzC4d/1kOqau+6v6hteLLqEyBjCuzoFZUU0Te3JphDyxc65RtPNsCujDwYbbs6+vYxCQ==
    dependencies:
      postcss-value-parser "^4.2.0"
  
  postcss-import@^15.1.0:
    version "15.1.0"
    resolved "https://registry.npmmirror.com/postcss-import/-/postcss-import-15.1.0.tgz"
    integrity sha512-hpr+J05B2FVYUAXHeK1YyI267J/dDDhMU6B6civm8hSY1jYJnBXxzKDKDswzJmtLHryrjhnDjqqp/49t8FALew==
    dependencies:
      postcss-value-parser "^4.0.0"
      read-cache "^1.0.0"
      resolve "^1.1.7"
  
  postcss-initial@^4.0.1:
    version "4.0.1"
    resolved "https://registry.npmmirror.com/postcss-initial/-/postcss-initial-4.0.1.tgz"
    integrity sha512-0ueD7rPqX8Pn1xJIjay0AZeIuDoF+V+VvMt/uOnn+4ezUKhZM/NokDeP6DwMNyIoYByuN/94IQnt5FEkaN59xQ==
  
  postcss-lab-function@^5.0.0:
    version "5.0.1"
    resolved "https://registry.npmmirror.com/postcss-lab-function/-/postcss-lab-function-5.0.1.tgz"
    integrity sha512-TuvrxsRIA3oWjjjI9T1ZEAolrtrLzYwYDw14GFivy0BkRqUTi4IithbM1aZkZGbAxV4lLwD6rL7MHhfDslUEzg==
    dependencies:
      "@csstools/postcss-progressive-custom-properties" "^2.0.0"
      postcss-value-parser "^4.2.0"
  
  postcss-load-config@^4.0.1:
    version "4.0.1"
    resolved "https://registry.npmmirror.com/postcss-load-config/-/postcss-load-config-4.0.1.tgz"
    integrity sha512-vEJIc8RdiBRu3oRAI0ymerOn+7rPuMvRXslTvZUKZonDHFIczxztIyJ1urxM1x9JXEikvpWWTUUqal5j/8QgvA==
    dependencies:
      lilconfig "^2.0.5"
      yaml "^2.1.1"
  
  postcss-loader@^7.0.2:
    version "7.0.2"
    resolved "https://registry.npmmirror.com/postcss-loader/-/postcss-loader-7.0.2.tgz"
    integrity sha512-fUJzV/QH7NXUAqV8dWJ9Lg4aTkDCezpTS5HgJ2DvqznexTbSTxgi/dTECvTZ15BwKTtk8G/bqI/QTu2HPd3ZCg==
    dependencies:
      cosmiconfig "^7.0.0"
      klona "^2.0.5"
      semver "^7.3.8"
  
  postcss-logical@^6.0.0:
    version "6.0.1"
    resolved "https://registry.npmmirror.com/postcss-logical/-/postcss-logical-6.0.1.tgz"
    integrity sha512-0LIzRgbT42n0q8txcM9SrLkYLjr1LTbRTy80bnKiYXY8tnYGdjkBymwb5XE87o4csW1z8dhKD1VRI6cHBQBQtw==
    dependencies:
      postcss-value-parser "^4.2.0"
  
  postcss-media-minmax@^5.0.0:
    version "5.0.0"
    resolved "https://registry.npmmirror.com/postcss-media-minmax/-/postcss-media-minmax-5.0.0.tgz"
    integrity sha512-yDUvFf9QdFZTuCUg0g0uNSHVlJ5X1lSzDZjPSFaiCWvjgsvu8vEVxtahPrLMinIDEEGnx6cBe6iqdx5YWz08wQ==
  
  postcss-nesting@^11.0.0:
    version "11.1.0"
    resolved "https://registry.npmmirror.com/postcss-nesting/-/postcss-nesting-11.1.0.tgz"
    integrity sha512-TVBCeKlUmMyX3sNeSg10yATb2XmAoosp0E1zdlpjrD+L2FrQPmrRTxlRFQh/R0Y4WlQ0butfDwRhzlYuj7y/TA==
    dependencies:
      "@csstools/selector-specificity" "^2.0.0"
      postcss-selector-parser "^6.0.10"
  
  postcss-opacity-percentage@^1.1.3:
    version "1.1.3"
    resolved "https://registry.npmmirror.com/postcss-opacity-percentage/-/postcss-opacity-percentage-1.1.3.tgz"
    integrity sha512-An6Ba4pHBiDtyVpSLymUUERMo2cU7s+Obz6BTrS+gxkbnSBNKSuD0AVUc+CpBMrpVPKKfoVz0WQCX+Tnst0i4A==
  
  postcss-overflow-shorthand@^4.0.0:
    version "4.0.1"
    resolved "https://registry.npmmirror.com/postcss-overflow-shorthand/-/postcss-overflow-shorthand-4.0.1.tgz"
    integrity sha512-HQZ0qi/9iSYHW4w3ogNqVNr2J49DHJAl7r8O2p0Meip38jsdnRPgiDW7r/LlLrrMBMe3KHkvNtAV2UmRVxzLIg==
    dependencies:
      postcss-value-parser "^4.2.0"
  
  postcss-page-break@^3.0.4:
    version "3.0.4"
    resolved "https://registry.npmmirror.com/postcss-page-break/-/postcss-page-break-3.0.4.tgz"
    integrity sha512-1JGu8oCjVXLa9q9rFTo4MbeeA5FMe00/9C7lN4va606Rdb+HkxXtXsmEDrIraQ11fGz/WvKWa8gMuCKkrXpTsQ==
  
  postcss-place@^8.0.0:
    version "8.0.1"
    resolved "https://registry.npmmirror.com/postcss-place/-/postcss-place-8.0.1.tgz"
    integrity sha512-Ow2LedN8sL4pq8ubukO77phSVt4QyCm35ZGCYXKvRFayAwcpgB0sjNJglDoTuRdUL32q/ZC1VkPBo0AOEr4Uiw==
    dependencies:
      postcss-value-parser "^4.2.0"
  
  postcss-preset-env@^8.0.1:
    version "8.0.1"
    resolved "https://registry.npmmirror.com/postcss-preset-env/-/postcss-preset-env-8.0.1.tgz"
    integrity sha512-IUbymw0JlUbyVG+I85963PNWgPp3KhnFa1sxU7M/2dGthxV8e297P0VV5W9XcyypoH4hirH2fp1c6fmqh6YnSg==
    dependencies:
      "@csstools/postcss-cascade-layers" "^3.0.0"
      "@csstools/postcss-color-function" "^2.0.0"
      "@csstools/postcss-font-format-keywords" "^2.0.0"
      "@csstools/postcss-hwb-function" "^2.0.0"
      "@csstools/postcss-ic-unit" "^2.0.0"
      "@csstools/postcss-is-pseudo-class" "^3.0.0"
      "@csstools/postcss-logical-float-and-clear" "^1.0.0"
      "@csstools/postcss-logical-resize" "^1.0.0"
      "@csstools/postcss-logical-viewport-units" "^1.0.0"
      "@csstools/postcss-media-queries-aspect-ratio-number-values" "^1.0.0"
      "@csstools/postcss-nested-calc" "^2.0.0"
      "@csstools/postcss-normalize-display-values" "^2.0.0"
      "@csstools/postcss-oklab-function" "^2.0.0"
      "@csstools/postcss-progressive-custom-properties" "^2.0.0"
      "@csstools/postcss-scope-pseudo-class" "^2.0.0"
      "@csstools/postcss-stepped-value-functions" "^2.0.0"
      "@csstools/postcss-text-decoration-shorthand" "^2.0.0"
      "@csstools/postcss-trigonometric-functions" "^2.0.0"
      "@csstools/postcss-unset-value" "^2.0.0"
      autoprefixer "^10.4.13"
      browserslist "^4.21.4"
      css-blank-pseudo "^5.0.0"
      css-has-pseudo "^5.0.0"
      css-prefers-color-scheme "^8.0.0"
      cssdb "^7.4.0"
      postcss-attribute-case-insensitive "^6.0.0"
      postcss-clamp "^4.1.0"
      postcss-color-functional-notation "^5.0.0"
      postcss-color-hex-alpha "^9.0.0"
      postcss-color-rebeccapurple "^8.0.0"
      postcss-custom-media "^9.1.0"
      postcss-custom-properties "^13.1.0"
      postcss-custom-selectors "^7.1.0"
      postcss-dir-pseudo-class "^7.0.0"
      postcss-double-position-gradients "^4.0.0"
      postcss-focus-visible "^8.0.0"
      postcss-focus-within "^7.0.0"
      postcss-font-variant "^5.0.0"
      postcss-gap-properties "^4.0.0"
      postcss-image-set-function "^5.0.0"
      postcss-initial "^4.0.1"
      postcss-lab-function "^5.0.0"
      postcss-logical "^6.0.0"
      postcss-media-minmax "^5.0.0"
      postcss-nesting "^11.0.0"
      postcss-opacity-percentage "^1.1.3"
      postcss-overflow-shorthand "^4.0.0"
      postcss-page-break "^3.0.4"
      postcss-place "^8.0.0"
      postcss-pseudo-class-any-link "^8.0.0"
      postcss-replace-overflow-wrap "^4.0.0"
      postcss-selector-not "^7.0.0"
      postcss-value-parser "^4.2.0"
  
  postcss-pseudo-class-any-link@^8.0.0:
    version "8.0.1"
    resolved "https://registry.npmmirror.com/postcss-pseudo-class-any-link/-/postcss-pseudo-class-any-link-8.0.1.tgz"
    integrity sha512-CYcLGofbGDhx6BmNFQGFH0cqW+qlXVk9PR4LZ8Y7g24m6TopYKt6FSwhMGAIyme6lQxgB32XMhpYRwZAcPnMXA==
    dependencies:
      postcss-selector-parser "^6.0.10"
  
  postcss-replace-overflow-wrap@^4.0.0:
    version "4.0.0"
    resolved "https://registry.npmmirror.com/postcss-replace-overflow-wrap/-/postcss-replace-overflow-wrap-4.0.0.tgz"
    integrity sha512-KmF7SBPphT4gPPcKZc7aDkweHiKEEO8cla/GjcBK+ckKxiZslIu3C4GCRW3DNfL0o7yW7kMQu9xlZ1kXRXLXtw==
  
  postcss-selector-not@^7.0.0:
    version "7.0.1"
    resolved "https://registry.npmmirror.com/postcss-selector-not/-/postcss-selector-not-7.0.1.tgz"
    integrity sha512-1zT5C27b/zeJhchN7fP0kBr16Cc61mu7Si9uWWLoA3Px/D9tIJPKchJCkUH3tPO5D0pCFmGeApAv8XpXBQJ8SQ==
    dependencies:
      postcss-selector-parser "^6.0.10"
  
  postcss-selector-parser@^6.0.10, postcss-selector-parser@^6.0.4:
    version "6.0.11"
    resolved "https://registry.npmmirror.com/postcss-selector-parser/-/postcss-selector-parser-6.0.11.tgz"
    integrity sha512-zbARubNdogI9j7WY4nQJBiNqQf3sLS3wCP4WfOidu+p28LofJqDH1tcXypGrcmMHhDk2t9wGhCsYe/+szLTy1g==
    dependencies:
      cssesc "^3.0.0"
      util-deprecate "^1.0.2"
  
  postcss-value-parser@^4.0.0, postcss-value-parser@^4.2.0:
    version "4.2.0"
    resolved "https://registry.npmmirror.com/postcss-value-parser/-/postcss-value-parser-4.2.0.tgz"
    integrity sha512-1NNCs6uurfkVbeXG4S8JFT9t19m45ICnif8zWLd5oPSZ50QnwMfK+H3jv408d4jw/7Bttv5axS5IiHoLaVNHeQ==
  
  postcss@^8.0.0, postcss@^8.4.21:
    version "8.4.21"
    resolved "https://registry.npmmirror.com/postcss/-/postcss-8.4.21.tgz"
    integrity sha512-tP7u/Sn/dVxK2NnruI4H9BG+x+Wxz6oeZ1cJ8P6G/PZY0IKk4k/63TDsQf2kQq3+qoJeLm2kIBUNlZe3zgb4Zg==
    dependencies:
      nanoid "^3.3.4"
      picocolors "^1.0.0"
      source-map-js "^1.0.2"
  
  read-cache@^1.0.0:
    version "1.0.0"
    resolved "https://registry.npmmirror.com/read-cache/-/read-cache-1.0.0.tgz"
    integrity sha512-Owdv/Ft7IjOgm/i0xvNDZ1LrRANRfew4b2prF3OWMQLxLfu3bS8FVhCsrSCMK4lR56Y9ya+AThoTpDCTxCmpRA==
    dependencies:
      pify "^2.3.0"
  
  resolve-from@^4.0.0:
    version "4.0.0"
    resolved "https://registry.npmmirror.com/resolve-from/-/resolve-from-4.0.0.tgz"
    integrity sha512-pb/MYmXstAkysRFx8piNI1tGFNQIFA3vkE3Gq4EuA1dF6gHp/+vgZqsCGJapvy8N3Q+4o7FwvquPJcnZ7RYy4g==
  
  resolve@^1.1.7, resolve@^1.22.1:
    version "1.22.1"
    resolved "https://registry.npmmirror.com/resolve/-/resolve-1.22.1.tgz"
    integrity sha512-nBpuuYuY5jFsli/JIs1oldw6fOQCBioohqWZg/2hiaOybXOft4lonv85uDOKXdf8rhyK159cxU5cDcK/NKk8zw==
    dependencies:
      is-core-module "^2.9.0"
      path-parse "^1.0.7"
      supports-preserve-symlinks-flag "^1.0.0"
  
  rollup@^3.10.0:
    version "3.12.1"
    resolved "https://registry.npmmirror.com/rollup/-/rollup-3.12.1.tgz"
    integrity sha512-t9elERrz2i4UU9z7AwISj3CQcXP39cWxgRWLdf4Tm6aKm1eYrqHIgjzXBgb67GNY1sZckTFFi0oMozh3/S++Ig==
    optionalDependencies:
      fsevents "~2.3.2"
  
  semver@^6.3.0:
    version "6.3.0"
    resolved "https://registry.npmmirror.com/semver/-/semver-6.3.0.tgz"
    integrity sha512-b39TBaTSfV6yBrapU89p5fKekE2m/NwnDocOVruQFS1/veMgdzuPcnOM34M6CwxW8jH/lxEa5rBoDeUwu5HHTw==
  
  semver@^7.3.8:
    version "7.3.8"
    resolved "https://registry.npmmirror.com/semver/-/semver-7.3.8.tgz"
    integrity sha512-NB1ctGL5rlHrPJtFDVIVzTyQylMLu9N9VICA6HSFJo8MCGVTMW6gfpicwKmmK/dAjTOrqu5l63JJOpDSrAis3A==
    dependencies:
      lru-cache "^6.0.0"
  
  solid-apexcharts@^0.2.4:
    version "0.2.4"
    resolved "https://registry.npmmirror.com/solid-apexcharts/-/solid-apexcharts-0.2.4.tgz"
    integrity sha512-8SJ48UrCSZOE2HzF9a3LKbUccnHxhCCTDgIMciWUPdIBxW7GpalRh/HcJapa4Lc6khP1scKhS3M7iKc+uUU7yg==
    dependencies:
      defu "^6.1.0"
  
  solid-js@^1.6.6:
    version "1.6.10"
    resolved "https://registry.npmmirror.com/solid-js/-/solid-js-1.6.10.tgz"
    integrity sha512-Sf0e6PQCEFkFtbPq0L+93Ua81YQOefBEbvDJ0YXT92b6Lzw0k7UvzSd2l1BbYM+yzE3UmepU1tyMDc/3nIByjA==
    dependencies:
      csstype "^3.1.0"
  
  solid-refresh@^0.4.1:
    version "0.4.3"
    resolved "https://registry.npmmirror.com/solid-refresh/-/solid-refresh-0.4.3.tgz"
    integrity sha512-7+4/gYsVi0BlM4PzT1PU1TB5nW3Hv8FWuB+Kw/ofWui7KQkWBf+dVZOrReQYHEmLCzytHUa2JysUXgzVALJmSw==
    dependencies:
      "@babel/generator" "^7.18.7"
      "@babel/helper-module-imports" "^7.16.7"
      "@babel/types" "^7.18.4"
  
  source-map-js@^1.0.2:
    version "1.0.2"
    resolved "https://registry.npmmirror.com/source-map-js/-/source-map-js-1.0.2.tgz"
    integrity sha512-R0XvVJ9WusLiqTCEiGCmICCMplcCkIwwR11mOSD9CR5u+IXYdiseeEuXCVAjS54zqwkLcPNnmU4OeJ6tUrWhDw==
  
  supports-color@^5.3.0:
    version "5.5.0"
    resolved "https://registry.npmmirror.com/supports-color/-/supports-color-5.5.0.tgz"
    integrity sha512-QjVjwdXIt408MIiAqCX4oUKsgU2EqAGzs2Ppkm4aQYbjm+ZEWEcW4SfFNTr4uMNZma0ey4f5lgLrkB0aX0QMow==
    dependencies:
      has-flag "^3.0.0"
  
  supports-preserve-symlinks-flag@^1.0.0:
    version "1.0.0"
    resolved "https://registry.npmmirror.com/supports-preserve-symlinks-flag/-/supports-preserve-symlinks-flag-1.0.0.tgz"
    integrity sha512-ot0WnXS9fgdkgIcePe6RHNk1WA8+muPa6cSjeR3V8K27q9BB1rTE3R1p7Hv0z1ZyAc8s6Vvv8DIyWf681MAt0w==
  
  svg.draggable.js@^2.2.2:
    version "2.2.2"
    resolved "https://registry.npmmirror.com/svg.draggable.js/-/svg.draggable.js-2.2.2.tgz"
    integrity sha512-JzNHBc2fLQMzYCZ90KZHN2ohXL0BQJGQimK1kGk6AvSeibuKcIdDX9Kr0dT9+UJ5O8nYA0RB839Lhvk4CY4MZw==
    dependencies:
      svg.js "^2.0.1"
  
  svg.easing.js@^2.0.0:
    version "2.0.0"
    resolved "https://registry.npmmirror.com/svg.easing.js/-/svg.easing.js-2.0.0.tgz"
    integrity sha512-//ctPdJMGy22YoYGV+3HEfHbm6/69LJUTAqI2/5qBvaNHZ9uUFVC82B0Pl299HzgH13rKrBgi4+XyXXyVWWthA==
    dependencies:
      svg.js ">=2.3.x"
  
  svg.filter.js@^2.0.2:
    version "2.0.2"
    resolved "https://registry.npmmirror.com/svg.filter.js/-/svg.filter.js-2.0.2.tgz"
    integrity sha512-xkGBwU+dKBzqg5PtilaTb0EYPqPfJ9Q6saVldX+5vCRy31P6TlRCP3U9NxH3HEufkKkpNgdTLBJnmhDHeTqAkw==
    dependencies:
      svg.js "^2.2.5"
  
  svg.js@>=2.3.x, svg.js@^2.0.1, svg.js@^2.2.5, svg.js@^2.4.0, svg.js@^2.6.5:
    version "2.7.1"
    resolved "https://registry.npmmirror.com/svg.js/-/svg.js-2.7.1.tgz"
    integrity sha512-ycbxpizEQktk3FYvn/8BH+6/EuWXg7ZpQREJvgacqn46gIddG24tNNe4Son6omdXCnSOaApnpZw6MPCBA1dODA==
  
  svg.pathmorphing.js@^0.1.3:
    version "0.1.3"
    resolved "https://registry.npmmirror.com/svg.pathmorphing.js/-/svg.pathmorphing.js-0.1.3.tgz"
    integrity sha512-49HWI9X4XQR/JG1qXkSDV8xViuTLIWm/B/7YuQELV5KMOPtXjiwH4XPJvr/ghEDibmLQ9Oc22dpWpG0vUDDNww==
    dependencies:
      svg.js "^2.4.0"
  
  svg.resize.js@^1.4.3:
    version "1.4.3"
    resolved "https://registry.npmmirror.com/svg.resize.js/-/svg.resize.js-1.4.3.tgz"
    integrity sha512-9k5sXJuPKp+mVzXNvxz7U0uC9oVMQrrf7cFsETznzUDDm0x8+77dtZkWdMfRlmbkEEYvUn9btKuZ3n41oNA+uw==
    dependencies:
      svg.js "^2.6.5"
      svg.select.js "^2.1.2"
  
  svg.select.js@^2.1.2:
    version "2.1.2"
    resolved "https://registry.npmmirror.com/svg.select.js/-/svg.select.js-2.1.2.tgz"
    integrity sha512-tH6ABEyJsAOVAhwcCjF8mw4crjXSI1aa7j2VQR8ZuJ37H2MBUbyeqYr5nEO7sSN3cy9AR9DUwNg0t/962HlDbQ==
    dependencies:
      svg.js "^2.2.5"
  
  svg.select.js@^3.0.1:
    version "3.0.1"
    resolved "https://registry.npmmirror.com/svg.select.js/-/svg.select.js-3.0.1.tgz"
    integrity sha512-h5IS/hKkuVCbKSieR9uQCj9w+zLHoPh+ce19bBYyqF53g6mnPB8sAtIbe1s9dh2S2fCmYX2xel1Ln3PJBbK4kw==
    dependencies:
      svg.js "^2.6.5"
  
  to-fast-properties@^2.0.0:
    version "2.0.0"
    resolved "https://registry.npmmirror.com/to-fast-properties/-/to-fast-properties-2.0.0.tgz"
    integrity sha512-/OaKK0xYrs3DmxRYqL/yDc+FxFUVYhDlXMhRmv3z915w2HF1tnN1omB354j8VUGO/hbRzyD6Y3sA7v7GS/ceog==
  
  ts-node@^10.9.1:
    version "10.9.1"
    resolved "https://registry.npmmirror.com/ts-node/-/ts-node-10.9.1.tgz#e73de9102958af9e1f0b168a6ff320e25adcff4b"
    integrity sha512-NtVysVPkxxrwFGUUxGYhfux8k78pQB3JqYBXlLRZgdGUqTO5wU/UyHop5p70iEbGhB7q5KmiZiU0Y3KlJrScEw==
    dependencies:
      "@cspotcode/source-map-support" "^0.8.0"
      "@tsconfig/node10" "^1.0.7"
      "@tsconfig/node12" "^1.0.7"
      "@tsconfig/node14" "^1.0.0"
      "@tsconfig/node16" "^1.0.2"
      acorn "^8.4.1"
      acorn-walk "^8.1.1"
      arg "^4.1.0"
      create-require "^1.1.0"
      diff "^4.0.1"
      make-error "^1.1.1"
      v8-compile-cache-lib "^3.0.1"
      yn "3.1.1"
  
  typescript@^4.9.5:
    version "4.9.5"
    resolved "https://registry.npmmirror.com/typescript/-/typescript-4.9.5.tgz"
    integrity sha512-1FXk9E2Hm+QzZQ7z+McJiHL4NW1F2EzMu9Nq9i3zAaGqibafqYwCVU6WyWAuyQRRzOlxou8xZSyXLEN8oKj24g==
  
  update-browserslist-db@^1.0.10:
    version "1.0.10"
    resolved "https://registry.npmmirror.com/update-browserslist-db/-/update-browserslist-db-1.0.10.tgz"
    integrity sha512-OztqDenkfFkbSG+tRxBeAnCVPckDBcvibKd35yDONx6OU8N7sqgwc7rCbkJ/WcYtVRZ4ba68d6byhC21GFh7sQ==
    dependencies:
      escalade "^3.1.1"
      picocolors "^1.0.0"
  
  util-deprecate@^1.0.2:
    version "1.0.2"
    resolved "https://registry.npmmirror.com/util-deprecate/-/util-deprecate-1.0.2.tgz"
    integrity sha512-EPD5q1uXyFxJpCrLnCc1nHnq3gOa6DZBocAIiI2TaSCA7VCJ1UJDMagCzIkXNsUYfD1daK//LTEQ8xiIbrHtcw==
  
  v8-compile-cache-lib@^3.0.1:
    version "3.0.1"
    resolved "https://registry.npmmirror.com/v8-compile-cache-lib/-/v8-compile-cache-lib-3.0.1.tgz#6336e8d71965cb3d35a1bbb7868445a7c05264bf"
    integrity sha512-wa7YjyUGfNZngI/vtK0UHAN+lgDCxBPCylVXGp0zu59Fz5aiGtNXaq3DhIov063MorB+VfufLh3JlF2KdTK3xg==
  
  validate-html-nesting@^1.2.0:
    version "1.2.1"
    resolved "https://registry.npmmirror.com/validate-html-nesting/-/validate-html-nesting-1.2.1.tgz"
    integrity sha512-T1ab131NkP3BfXB7KUSgV7Rhu81R2id+L6NaJ7NypAAG5iV6gXnPpQE5RK1fvb+3JYsPTL+ihWna5sr5RN9gaQ==
  
  vite-plugin-solid@^2.5.0:
    version "2.5.0"
    resolved "https://registry.npmmirror.com/vite-plugin-solid/-/vite-plugin-solid-2.5.0.tgz"
    integrity sha512-VneGd3RyFJvwaiffsqgymeMaofn0IzQLPwDzafTV2f1agoWeeJlk5VrI5WqT9BTtLe69vNNbCJWqLhHr9fOdDw==
    dependencies:
      "@babel/core" "^7.20.5"
      "@babel/preset-typescript" "^7.18.6"
      babel-preset-solid "^1.6.3"
      merge-anything "^5.1.4"
      solid-refresh "^0.4.1"
      vitefu "^0.2.3"
  
  vite@^4.1.1:
    version "4.1.1"
    resolved "https://registry.npmmirror.com/vite/-/vite-4.1.1.tgz"
    integrity sha512-LM9WWea8vsxhr782r9ntg+bhSFS06FJgCvvB0+8hf8UWtvaiDagKYWXndjfX6kGl74keHJUcpzrQliDXZlF5yg==
    dependencies:
      esbuild "^0.16.14"
      postcss "^8.4.21"
      resolve "^1.22.1"
      rollup "^3.10.0"
    optionalDependencies:
      fsevents "~2.3.2"
  
  vitefu@^0.2.3:
    version "0.2.4"
    resolved "https://registry.npmmirror.com/vitefu/-/vitefu-0.2.4.tgz"
    integrity sha512-fanAXjSaf9xXtOOeno8wZXIhgia+CZury481LsDaV++lSvcU2R9Ch2bPh3PYFyoHW+w9LqAeYRISVQjUIew14g==
  
  yallist@^3.0.2:
    version "3.1.1"
    resolved "https://registry.npmmirror.com/yallist/-/yallist-3.1.1.tgz"
    integrity sha512-a4UGQaWPH59mOXUYnAG2ewncQS4i4F43Tv3JoAM+s2VDAmS9NsK8GpDMLrCHPksFT7h3K6TOoUNn2pb7RoXx4g==
  
  yallist@^4.0.0:
    version "4.0.0"
    resolved "https://registry.npmmirror.com/yallist/-/yallist-4.0.0.tgz"
    integrity sha512-3wdGidZyq5PB084XLES5TpOSRA3wjXAlIWMhum2kRcv/41Sn2emQ0dycQW4uZXLejwKvg6EsvbdlVL+FYEct7A==
  
  yaml@^1.10.0:
    version "1.10.2"
    resolved "https://registry.npmmirror.com/yaml/-/yaml-1.10.2.tgz"
    integrity sha512-r3vXyErRCYJ7wg28yvBY5VSoAF8ZvlcW9/BwUzEtUsjvX/DKs24dIkuwjtuprwJJHsbyUbLApepYTR1BN4uHrg==
  
  yaml@^2.1.1:
    version "2.2.1"
    resolved "https://registry.npmmirror.com/yaml/-/yaml-2.2.1.tgz"
    integrity sha512-e0WHiYql7+9wr4cWMx3TVQrNwejKaEe7/rHNmQmqRjazfOP5W8PB6Jpebb5o6fIapbz9o9+2ipcaTM2ZwDI6lw==
  
  yn@3.1.1:
    version "3.1.1"
    resolved "https://registry.npmmirror.com/yn/-/yn-3.1.1.tgz#1e87401a09d767c1d5eab26a6e4c185182d2eb50"
    integrity sha512-Ux4ygGWsu2c7isFWe8Yu1YluJmqVhxqK2cLXNQA5AcC3QfbGNpM7fu0Y8b/z16pXLnFxZYvWhd3fhBY9DLmC6Q==
